This is pdfTeXk, Version 3.141592-1.40.3 (Web2C 7.5.6) (format=pdflatex 2008.9.4)  25 SEP 2008 23:10
entering extended mode
 %&-line parsing enabled.
**cs736-miniproject-report
(./cs736-miniproject-report.tex
LaTeX2e <2005/12/01>
Babel <v3.8h> and hyphenation patterns for english, usenglishmax, dumylang, noh
yphenation, loaded.
(/usr/share/texmf-texlive/tex/latex/base/article.cls
Document Class: article 2005/09/16 v1.4f Standard LaTeX document class
(/usr/share/texmf-texlive/tex/latex/base/size11.clo
File: size11.clo 2005/09/16 v1.4f Standard LaTeX file (size option)
)
\c@part=\count79
\c@section=\count80
\c@subsection=\count81
\c@subsubsection=\count82
\c@paragraph=\count83
\c@subparagraph=\count84
\c@figure=\count85
\c@table=\count86
\abovecaptionskip=\skip41
\belowcaptionskip=\skip42
\bibindent=\dimen102
) (./usenix.sty)
(/usr/share/texmf-texlive/tex/latex/ltxmisc/url.sty
\Urlmuskip=\muskip10
Package: url 2005/06/27  ver 3.2  Verb mode for urls, etc.
)
(/usr/share/texmf-texlive/tex/latex/graphics/graphics.sty
Package: graphics 2006/02/20 v1.0o Standard LaTeX Graphics (DPC,SPQR)

(/usr/share/texmf-texlive/tex/latex/graphics/trig.sty
Package: trig 1999/03/16 v1.09 sin cos tan (DPC)
)
(/etc/texmf/tex/latex/config/graphics.cfg
File: graphics.cfg 2007/01/18 v1.5 graphics configuration of teTeX/TeXLive
)
Package graphics Info: Driver file: pdftex.def on input line 90.

(/usr/share/texmf-texlive/tex/latex/pdftex-def/pdftex.def
File: pdftex.def 2007/01/08 v0.04d Graphics/color for pdfTeX
\Gread@gobject=\count87
))
(/usr/share/texmf-texlive/tex/latex/hyperref/hyperref.sty
Package: hyperref 2007/02/07 v6.75r Hypertext links for LaTeX

(/usr/share/texmf-texlive/tex/latex/graphics/keyval.sty
Package: keyval 1999/03/16 v1.13 key=value parser (DPC)
\KV@toks@=\toks14
)
\@linkdim=\dimen103
\Hy@linkcounter=\count88
\Hy@pagecounter=\count89

(/usr/share/texmf-texlive/tex/latex/hyperref/pd1enc.def
File: pd1enc.def 2007/02/07 v6.75r Hyperref: PDFDocEncoding definition (HO)
)
(/etc/texmf/tex/latex/config/hyperref.cfg
File: hyperref.cfg 2002/06/06 v1.2 hyperref configuration of TeXLive
)
(/usr/share/texmf-texlive/tex/latex/oberdiek/kvoptions.sty
Package: kvoptions 2006/08/22 v2.4 Connects package keyval with LaTeX options (
HO)
)
Package hyperref Info: Hyper figures OFF on input line 2288.
Package hyperref Info: Link nesting OFF on input line 2293.
Package hyperref Info: Hyper index ON on input line 2296.
Package hyperref Info: Plain pages OFF on input line 2303.
Package hyperref Info: Backreferencing OFF on input line 2308.

Implicit mode ON; LaTeX internals redefined
Package hyperref Info: Bookmarks ON on input line 2444.
LaTeX Info: Redefining \url on input line 2599.
\Fld@menulength=\count90
\Field@Width=\dimen104
\Fld@charsize=\dimen105
\Choice@toks=\toks15
\Field@toks=\toks16
Package hyperref Info: Hyper figures OFF on input line 3102.
Package hyperref Info: Link nesting OFF on input line 3107.
Package hyperref Info: Hyper index ON on input line 3110.
Package hyperref Info: backreferencing OFF on input line 3117.
Package hyperref Info: Link coloring OFF on input line 3122.
\Hy@abspage=\count91
\c@Item=\count92
\c@Hfootnote=\count93
)
*hyperref using default driver hpdftex*
(/usr/share/texmf-texlive/tex/latex/hyperref/hpdftex.def
File: hpdftex.def 2007/02/07 v6.75r Hyperref driver for pdfTeX
\Fld@listcount=\count94
)
(/usr/share/texmf-texlive/tex/latex/graphics/epsfig.sty
Package: epsfig 1999/02/16 v1.7a (e)psfig emulation (SPQR)

(/usr/share/texmf-texlive/tex/latex/graphics/graphicx.sty
Package: graphicx 1999/02/16 v1.0f Enhanced LaTeX Graphics (DPC,SPQR)
\Gin@req@height=\dimen106
\Gin@req@width=\dimen107
)
\epsfxsize=\dimen108
\epsfysize=\dimen109
)
(/usr/share/texmf-texlive/tex/latex/listings/listings.sty
\lst@mode=\count95
\lst@gtempboxa=\box26
\lst@token=\toks17
\lst@length=\count96
\lst@currlwidth=\dimen110
\lst@column=\count97
\lst@pos=\count98
\lst@lostspace=\dimen111
\lst@width=\dimen112
\lst@newlines=\count99
\lst@lineno=\count100
\c@lstlisting=\count101
\lst@maxwidth=\dimen113

(/usr/share/texmf-texlive/tex/latex/listings/lstpatch.sty
File: lstpatch.sty 2004/10/17 1.3b (Carsten Heinz)
)
(/usr/share/texmf-texlive/tex/latex/listings/lstmisc.sty
File: lstmisc.sty 2004/09/07 1.3 (Carsten Heinz)
\c@lstnumber=\count102
\lst@skipnumbers=\count103
\lst@framebox=\box27
)
(/usr/share/texmf-texlive/tex/latex/listings/listings.cfg
File: listings.cfg 2004/09/05 1.3 listings configuration
))
Package: listings 2004/10/17 1.3b (Carsten Heinz)

(/usr/share/texmf-texlive/tex/latex/graphics/color.sty
Package: color 2005/11/14 v1.0j Standard LaTeX Color (DPC)

(/etc/texmf/tex/latex/config/color.cfg
File: color.cfg 2007/01/18 v1.5 color configuration of teTeX/TeXLive
)
Package color Info: Driver file: pdftex.def on input line 130.
)
(/usr/share/texmf-texlive/tex/latex/listings/lstlang1.sty
File: lstlang1.sty 2004/09/05 1.3 listings language file
)
(/usr/share/texmf-texlive/tex/latex/listings/lstmisc.sty
File: lstmisc.sty 2004/09/07 1.3 (Carsten Heinz)
)
(./cs736-miniproject-report.aux)
\openout1 = `cs736-miniproject-report.aux'.

LaTeX Font Info:    Checking defaults for OML/cmm/m/it on input line 31.
LaTeX Font Info:    ... okay on input line 31.
LaTeX Font Info:    Checking defaults for T1/cmr/m/n on input line 31.
LaTeX Font Info:    ... okay on input line 31.
LaTeX Font Info:    Checking defaults for OT1/cmr/m/n on input line 31.
LaTeX Font Info:    ... okay on input line 31.
LaTeX Font Info:    Checking defaults for OMS/cmsy/m/n on input line 31.
LaTeX Font Info:    ... okay on input line 31.
LaTeX Font Info:    Checking defaults for OMX/cmex/m/n on input line 31.
LaTeX Font Info:    ... okay on input line 31.
LaTeX Font Info:    Checking defaults for U/cmr/m/n on input line 31.
LaTeX Font Info:    ... okay on input line 31.
LaTeX Font Info:    Checking defaults for PD1/pdf/m/n on input line 31.
LaTeX Font Info:    ... okay on input line 31.
Package hyperref Info: Link coloring OFF on input line 31.

(/usr/share/texmf-texlive/tex/latex/hyperref/nameref.sty
Package: nameref 2006/12/27 v2.28 Cross-referencing by name of section

(/usr/share/texmf-texlive/tex/latex/oberdiek/refcount.sty
Package: refcount 2006/02/20 v3.0 Data extraction from references (HO)
)
\c@section@level=\count104
)
LaTeX Info: Redefining \ref on input line 31.
LaTeX Info: Redefining \pageref on input line 31.

(./cs736-miniproject-report.out) (./cs736-miniproject-report.out)
\@outlinefile=\write3
\openout3 = `cs736-miniproject-report.out'.

LaTeX Font Info:    External font `cmex10' loaded for size
(Font)              <12> on input line 36.
LaTeX Font Info:    External font `cmex10' loaded for size
(Font)              <8> on input line 36.
LaTeX Font Info:    External font `cmex10' loaded for size
(Font)              <6> on input line 36.
LaTeX Font Info:    Try loading font information for OMS+cmr on input line 71.

(/usr/share/texmf-texlive/tex/latex/base/omscmr.fd
File: omscmr.fd 1999/05/25 v2.5h Standard LaTeX font definitions
)
LaTeX Font Info:    Font shape `OMS/cmr/m/n' in size <10.95> not available
(Font)              Font shape `OMS/cmsy/m/n' tried instead on input line 71.

Underfull \hbox (badness 10000) in paragraph at lines 108--112
[]\OT1/cmr/m/n/10.95 Most mod-ern pro-ces-sors dy-nam-i-cally
 []

[1{/var/lib/texmf/fonts/map/pdftex/updmap/pdftex.map}


]

LaTeX Warning: Citation `posix_fadvise' on page 2 undefined on input line 127.

LaTeX Font Info:    External font `cmex10' loaded for size
(Font)              <10.95> on input line 144.
<buffer_ideal.png, id=151, 642.4pt x 481.8pt>
File: buffer_ideal.png Graphic file (type png)
 <use buffer_ideal.png>
Overfull \hbox (22.34526pt too wide) in paragraph at lines 153--154
[][] 
 []

<prefetch_ideal.png, id=152, 642.4pt x 481.8pt>
File: prefetch_ideal.png Graphic file (type png)
 <use prefetch_ideal.png>
Overfull \hbox (22.34526pt too wide) in paragraph at lines 178--179
[][] 
 []

[2 <./buffer_ideal.png (PNG copy)>]
<cache_ideal.png, id=167, 642.4pt x 481.8pt>
File: cache_ideal.png Graphic file (type png)
 <use cache_ideal.png>
Overfull \hbox (22.34526pt too wide) in paragraph at lines 207--208
[][] 
 []

[3 <./prefetch_ideal.png (PNG copy)> <./cache_ideal.png (PNG copy)>]
<indirection_ideal.png, id=181, 642.4pt x 481.8pt>
File: indirection_ideal.png Graphic file (type png)
 <use indirection_ideal.png>
Overfull \hbox (2.34872pt too wide) in paragraph at lines 234--235
[][] 
 []


Underfull \hbox (badness 1184) in paragraph at lines 246--249
\OT1/cmr/m/n/10.95 MHz, 1 GB DDR2 RAM, Disk TOSHIBA
 []

<buffer_size.png, id=182, 642.4pt x 481.8pt>
File: buffer_size.png Graphic file (type png)
 <use buffer_size.png>
Overfull \hbox (2.34872pt too wide) in paragraph at lines 308--309
[][] 
 []

[4 <./indirection_ideal.png (PNG copy)>]
Underfull \hbox (badness 1748) in paragraph at lines 325--330
\OT1/cmr/m/n/10.95 We need to choose \OT1/cmtt/m/n/10.95 initial[]portion \OT1/
cmr/m/n/10.95 large
 []

<prefetch.png, id=209, 642.4pt x 481.8pt>
File: prefetch.png Graphic file (type png)
 <use prefetch.png>
Overfull \hbox (22.34526pt too wide) in paragraph at lines 356--357
[] 
 []


Underfull \hbox (badness 1442) in paragraph at lines 366--372
\OT1/cmr/m/n/10.95 ap-prox-i-mately the same, which shows that
 []

[5 <./buffer_size.png (PNG copy)> <./prefetch.png (PNG copy)>]
<cache_size.png, id=237, 642.4pt x 481.8pt>
File: cache_size.png Graphic file (type png)
 <use cache_size.png>
Overfull \hbox (22.34526pt too wide) in paragraph at lines 414--415
[][] 
 []


Underfull \hbox (badness 1226) in paragraph at lines 431--432
\OT1/cmr/m/n/10.95 From the first ex-per-i-ment, we can fix the
 []

[6 <./cache_size.png (PNG copy)>] <indirection.png, id=276, 642.4pt x 481.8pt>
File: indirection.png Graphic file (type png)

<use indirection.png>
Overfull \hbox (2.34872pt too wide) in paragraph at lines 455--456
[][] 
 []

(./cs736-miniproject-report.bbl
Underfull \hbox (badness 10000) in paragraph at lines 8--11
\OT1/cmtt/m/n/10.95 docs / linux _ admin / buffer-[]cache . html$[]\OT1/cmr/m/n
/10.95 ,
 []


Underfull \hbox (badness 10000) in paragraph at lines 13--16
[]\OT1/cmr/m/n/10.95 /proc file sys-tem doc-u-men-ta-tion.
 []


Underfull \hbox (badness 10000) in paragraph at lines 13--16
[]$\OT1/cmtt/m/n/10.95 http : / / www . linuxinsight . com / proc _
 []

) [7 <./indirection.png (PNG copy)>] (./cs736-miniproject-report.aux)

LaTeX Warning: There were undefined references.

 ) 
Here is how much of TeX's memory you used:
 4142 strings out of 95086
 59109 string characters out of 1183256
 128410 words of memory out of 1500000
 7152 multiletter control sequences out of 10000+50000
 10005 words of font info for 36 fonts, out of 1200000 for 2000
 28 hyphenation exceptions out of 8191
 26i,9n,49p,197b,1737s stack positions out of 5000i,500n,6000p,200000b,5000s
</usr/share/texmf-texlive/fonts/type1/bluesky/cm/cmbx10.pfb></usr/share/texmf
-texlive/fonts/type1/bluesky/cm/cmbx12.pfb></usr/share/texmf-texlive/fonts/type
1/bluesky/cm/cmmi10.pfb></usr/share/texmf-texlive/fonts/type1/bluesky/cm/cmmi8.
pfb></usr/share/texmf-texlive/fonts/type1/bluesky/cm/cmr10.pfb></usr/share/texm
f-texlive/fonts/type1/bluesky/cm/cmr12.pfb></usr/share/texmf-texlive/fonts/type
1/bluesky/cm/cmr8.pfb></usr/share/texmf-texlive/fonts/type1/bluesky/cm/cmssbx10
.pfb></usr/share/texmf-texlive/fonts/type1/bluesky/cm/cmsy10.pfb></usr/share/te
xmf-texlive/fonts/type1/bluesky/cm/cmti10.pfb></usr/share/texmf-texlive/fonts/t
ype1/bluesky/cm/cmtt10.pfb>
Output written on cs736-miniproject-report.pdf (7 pages, 163519 bytes).
PDF statistics:
 363 PDF objects out of 1000 (max. 8388607)
 134 named destinations out of 1000 (max. 131072)
 305 words of extra memory for PDF output out of 10000 (max. 10000000)

