<4>314 67 21||<6>0 1 476 0 477 1756 1100 0 0 2290 0

<4>579 131 41||<6>1 49 504 0 553 3272 2100 0 0 4110 0

<4>489 125 39||<6>1 55 506 0 561 391 3100 0 0 1559 0

<4>413 119 37||<6>1 55 506 0 561 48 4100 0 0 1083 0

<4>348 115 35||<6>1 55 506 0 561 52 5100 0 0 1053 0

<4>294 111 33||<6>1 55 506 0 561 28 6100 0 0 1033 0

<4>248 107 31||<6>1 55 506 0 561 28 7100 0 0 1034 0

<4>209 103 29||<6>1 57 507 0 564 99 8100 0 0 1124 0

<4>176 99 27||<6>1 57 507 0 564 28 9100 0 0 1035 0

<4>148 95 25||<6>1 57 507 0 564 28 10100 0 0 1121 0

<4>125 91 23||<6>1 57 507 0 564 30 11100 0 0 1022 0

<4>104 87 21||<6>1 57 507 0 564 28 12100 0 0 1017 0

<4>87 83 19||<6>1 57 507 0 564 28 13100 0 0 1017 0

<4>73 79 17||<6>1 57 507 0 564 33 14100 0 0 1032 0

<4>61 75 15||<6>1 57 507 0 564 28 15100 0 0 1020 0

<4>51 71 13||<6>1 57 507 0 564 33 16100 0 0 1035 0

<4>42 67 11||<6>1 58 507 0 565 64 17100 0 0 1067 0

<4>34 63 9||<6>1 58 507 0 565 82 18100 0 0 1104 0

<4>28 59 7||<6>1 59 512 0 571 250 19100 0 0 1339 0

<4>22 57 5||<6>1 59 512 0 571 106 20100 0 0 1161 0

<4>18 55 3||<6>1 60 512 0 572 65 21100 0 0 1072 0

<4>14 53 1||<6>1 71 514 0 585 404 22100 0 0 1376 0

<4>11 51 0||<6>1 71 514 0 585 75 23100 0 0 1126 0

<4>9 49 0||<6>1 71 514 0 585 89 24100 0 0 1119 0

<4>7 47 0||<6>1 74 517 0 591 123 25100 0 0 1163 0

<4>320 112 21||<6>2 916 517 0 1433 35 26100 0 0 251 0

<4>585 175 41||<6>2 1916 517 0 2433 28 27100 0 0 74 0

<4>809 236 61||<6>2 2916 517 0 3433 28 28100 0 0 76 0

<4>999 295 81||<6>2 3916 517 0 4433 30 29100 0 0 76 0

<4>1160 352 101||<6>2 4916 517 0 5433 28 30100 0 0 75 0

<4>1296 407 121||<6>2 5916 517 0 6433 28 31100 0 0 75 0

<4>1726 528 163||<6>3 6916 517 0 7433 52 32100 0 0 78 0

<4>2089 645 205||<6>3 7916 517 0 8433 52 33100 0 0 76 0

<4>2396 758 245||<6>3 8916 517 0 9433 51 34100 0 0 75 0

<4>2657 867 285||<6>3 9916 517 0 10433 52 35100 0 0 75 0

<4>2878 972 325||<6>3 10916 517 0 11433 51 36100 0 0 75 0

<4>3064 1074 365||<6>3 11916 517 0 12433 51 37100 0 0 74 0

<4>3536 1240 426||<6>4 12915 518 0 13433 60 38100 0 0 77 0

<4>3936 1401 486||<6>4 13915 518 0 14433 58 39100 0 0 74 0

<4>4274 1556 546||<6>4 14915 518 0 15433 58 40100 0 0 73 0

<4>4560 1706 605||<6>4 15915 518 0 16433 61 41100 0 0 76 0

<4>4802 1851 663||<6>4 16915 518 0 17433 59 42100 0 0 75 0

<4>5007 1992 721||<6>4 17915 518 0 18433 59 43100 0 0 75 0

<4>5496 2195 800||<6>5 18915 518 0 19433 63 44100 0 0 75 0

<4>5909 2391 878||<6>5 19915 518 0 20433 63 45100 0 0 74 0

<4>6259 2581 956||<6>5 20915 518 0 21433 63 46100 0 0 75 0

<4>6555 2765 1032||<6>5 21915 518 0 22433 64 47100 0 0 76 0

<4>6806 2943 1108||<6>5 22915 518 0 23433 63 48100 0 0 74 0

<4>7018 3115 1183||<6>5 23915 518 0 24433 64 49100 0 0 76 0

<4>7841 3417 1301||<6>8 24915 518 0 25433 99 50100 0 0 107 0

<4>8209 3641 1396||<6>6 25908 525 0 26433 304 51100 0 0 311 0

<4>8520 3857 1490||<6>6 26902 531 0 27433 335 52100 0 0 342 0

<4>7209 3729 1473||<6>1 27239 532 0 27771 78 53100 0 0 755 0

<4>6100 3606 1457||<6>1 27239 532 0 27771 28 54100 0 0 1027 0

<4>5161 3487 1441||<6>1 27239 532 0 27771 28 55100 0 0 1017 0

<4>4366 3372 1425||<6>1 27239 532 0 27771 30 56100 0 0 1018 0

<4>3694 3260 1409||<6>1 27239 532 0 27771 28 57100 0 0 1017 0

