<6>Stat:0 2 476 0 478 1756 1100l

<6>Stat:9 40 506 0 546 3199 2100l

<6>Stat:0 44 508 0 552 444 3100l

<6>Stat:0 44 510 0 554 110 4100l

<6>Stat:0 44 516 0 560 369 5100l

<6>Stat:0 44 516 0 560 76 6100l

<6>Stat:0 44 516 0 560 48 7100l

<6>Stat:0 44 518 0 562 184 8100l

<6>Stat:0 44 518 0 562 48 9100l

<6>Stat:0 44 518 0 562 56 10100l

<6>Stat:0 44 519 0 563 187 11100l

<6>Stat:0 44 519 0 563 50 12100l

<6>Stat:0 44 519 0 563 48 13100l

<6>Stat:0 44 519 0 563 49 14100l

<6>Stat:0 44 519 0 563 48 15100l

<6>Stat:0 44 519 0 563 46 16100l

<6>Stat:0 44 519 0 563 50 17100l

<6>Stat:0 44 519 0 563 48 18100l

<6>Stat:0 44 519 0 563 47 19100l

<6>Stat:0 44 519 0 563 50 20100l

<6>Stat:0 47 521 0 568 119 21100l

<6>Stat:1 297 524 0 821 333 22100l

<6>Stat:1 1297 524 0 1821 50 23100l

<6>Stat:1 2297 524 0 2821 110 24100l

<6>Stat:2 3297 524 0 3821 74 25100l

<6>Stat:2 4297 524 0 4821 69 26100l

<6>Stat:2 5297 524 0 5821 71 27100l

<6>Stat:2 6297 524 0 6821 70 28100l

<6>Stat:2 7297 524 0 7821 73 29100l

<6>Stat:2 8297 524 0 8821 69 30100l

<6>Stat:2 9297 524 0 9821 69 31100l

<6>Stat:2 10297 524 0 10821 70 32100l

<6>Stat:2 11297 524 0 11821 71 33100l

<6>Stat:3 12297 524 0 12821 88 34100l

<6>Stat:3 13297 524 0 13821 81 35100l

<6>Stat:3 14297 524 0 14821 76 36100l

<6>Stat:3 15297 524 0 15821 78 37100l

<6>Stat:3 16297 524 0 16821 80 38100l

<6>Stat:3 17297 524 0 17821 80 39100l

<6>Stat:3 18297 524 0 18821 78 40100l

<6>Stat:3 19297 524 0 19821 80 41100l

<6>Stat:3 20297 524 0 20821 78 42100l
