This is pdfTeXk, Version 3.141592-1.40.3 (Web2C 7.5.6) (format=pdflatex 2008.12.7)  14 DEC 2008 16:13
entering extended mode
 %&-line parsing enabled.
**report.tex
(./report.tex
LaTeX2e <2005/12/01>
Babel <v3.8h> and hyphenation patterns for english, usenglishmax, dumylang, noh
yphenation, croatian, ukrainian, russian, bulgarian, czech, slovak, danish, dut
ch, finnish, basque, french, german, ngerman, ibycus, greek, monogreek, ancient
greek, hungarian, italian, latin, mongolian, norsk, icelandic, interlingua, tur
kish, coptic, romanian, welsh, serbian, slovenian, estonian, esperanto, upperso
rbian, indonesian, polish, portuguese, spanish, catalan, galician, swedish, loa
ded.
(/usr/share/texmf-texlive/tex/latex/base/article.cls
Document Class: article 2005/09/16 v1.4f Standard LaTeX document class
(/usr/share/texmf-texlive/tex/latex/base/size10.clo
File: size10.clo 2005/09/16 v1.4f Standard LaTeX file (size option)
)
\c@part=\count79
\c@section=\count80
\c@subsection=\count81
\c@subsubsection=\count82
\c@paragraph=\count83
\c@subparagraph=\count84
\c@figure=\count85
\c@table=\count86
\abovecaptionskip=\skip41
\belowcaptionskip=\skip42
\bibindent=\dimen102
)
(/usr/share/texmf-texlive/tex/latex/ltxmisc/url.sty
\Urlmuskip=\muskip10
Package: url 2005/06/27  ver 3.2  Verb mode for urls, etc.
)
(/usr/share/texmf-texlive/tex/latex/graphics/graphics.sty
Package: graphics 2006/02/20 v1.0o Standard LaTeX Graphics (DPC,SPQR)

(/usr/share/texmf-texlive/tex/latex/graphics/trig.sty
Package: trig 1999/03/16 v1.09 sin cos tan (DPC)
)
(/etc/texmf/tex/latex/config/graphics.cfg
File: graphics.cfg 2007/01/18 v1.5 graphics configuration of teTeX/TeXLive
)
Package graphics Info: Driver file: pdftex.def on input line 90.

(/usr/share/texmf-texlive/tex/latex/pdftex-def/pdftex.def
File: pdftex.def 2007/01/08 v0.04d Graphics/color for pdfTeX
\Gread@gobject=\count87
))
(/usr/share/texmf-texlive/tex/latex/hyperref/hyperref.sty
Package: hyperref 2007/02/07 v6.75r Hypertext links for LaTeX

(/usr/share/texmf-texlive/tex/latex/graphics/keyval.sty
Package: keyval 1999/03/16 v1.13 key=value parser (DPC)
\KV@toks@=\toks14
)
\@linkdim=\dimen103
\Hy@linkcounter=\count88
\Hy@pagecounter=\count89

(/usr/share/texmf-texlive/tex/latex/hyperref/pd1enc.def
File: pd1enc.def 2007/02/07 v6.75r Hyperref: PDFDocEncoding definition (HO)
)
(/etc/texmf/tex/latex/config/hyperref.cfg
File: hyperref.cfg 2002/06/06 v1.2 hyperref configuration of TeXLive
)
(/usr/share/texmf-texlive/tex/latex/oberdiek/kvoptions.sty
Package: kvoptions 2006/08/22 v2.4 Connects package keyval with LaTeX options (
HO)
)
Package hyperref Info: Hyper figures OFF on input line 2288.
Package hyperref Info: Link nesting OFF on input line 2293.
Package hyperref Info: Hyper index ON on input line 2296.
Package hyperref Info: Plain pages OFF on input line 2303.
Package hyperref Info: Backreferencing OFF on input line 2308.

Implicit mode ON; LaTeX internals redefined
Package hyperref Info: Bookmarks ON on input line 2444.
LaTeX Info: Redefining \url on input line 2599.
\Fld@menulength=\count90
\Field@Width=\dimen104
\Fld@charsize=\dimen105
\Choice@toks=\toks15
\Field@toks=\toks16
Package hyperref Info: Hyper figures OFF on input line 3102.
Package hyperref Info: Link nesting OFF on input line 3107.
Package hyperref Info: Hyper index ON on input line 3110.
Package hyperref Info: backreferencing OFF on input line 3117.
Package hyperref Info: Link coloring OFF on input line 3122.
\Hy@abspage=\count91
\c@Item=\count92
\c@Hfootnote=\count93
)
*hyperref using default driver hpdftex*
(/usr/share/texmf-texlive/tex/latex/hyperref/hpdftex.def
File: hpdftex.def 2007/02/07 v6.75r Hyperref driver for pdfTeX
\Fld@listcount=\count94
)
(/usr/share/texmf-texlive/tex/latex/graphics/epsfig.sty
Package: epsfig 1999/02/16 v1.7a (e)psfig emulation (SPQR)

(/usr/share/texmf-texlive/tex/latex/graphics/graphicx.sty
Package: graphicx 1999/02/16 v1.0f Enhanced LaTeX Graphics (DPC,SPQR)
\Gin@req@height=\dimen106
\Gin@req@width=\dimen107
)
\epsfxsize=\dimen108
\epsfysize=\dimen109
)
(/usr/share/texmf-texlive/tex/latex/listings/listings.sty
\lst@mode=\count95
\lst@gtempboxa=\box26
\lst@token=\toks17
\lst@length=\count96
\lst@currlwidth=\dimen110
\lst@column=\count97
\lst@pos=\count98
\lst@lostspace=\dimen111
\lst@width=\dimen112
\lst@newlines=\count99
\lst@lineno=\count100
\c@lstlisting=\count101
\lst@maxwidth=\dimen113

(/usr/share/texmf-texlive/tex/latex/listings/lstpatch.sty
File: lstpatch.sty 2004/10/17 1.3b (Carsten Heinz)
)
(/usr/share/texmf-texlive/tex/latex/listings/lstmisc.sty
File: lstmisc.sty 2004/09/07 1.3 (Carsten Heinz)
\c@lstnumber=\count102
\lst@skipnumbers=\count103
\lst@framebox=\box27
)
(/usr/share/texmf-texlive/tex/latex/listings/listings.cfg
File: listings.cfg 2004/09/05 1.3 listings configuration
))
Package: listings 2004/10/17 1.3b (Carsten Heinz)

(/usr/share/texmf-texlive/tex/latex/graphics/color.sty
Package: color 2005/11/14 v1.0j Standard LaTeX Color (DPC)

(/etc/texmf/tex/latex/config/color.cfg
File: color.cfg 2007/01/18 v1.5 color configuration of teTeX/TeXLive
)
Package color Info: Driver file: pdftex.def on input line 130.
)
(/usr/share/texmf-texlive/tex/latex/setspace/setspace.sty
Package: setspace 2000/12/01 6.7 Contributed and Supported LaTeX2e package

Package: `setspace' 6.7 <2000/12/01>
) (/usr/share/texmf-texlive/tex/latex/amsmath/amsmath.sty
Package: amsmath 2000/07/18 v2.13 AMS math features
\@mathmargin=\skip43

For additional information on amsmath, use the `?' option.
(/usr/share/texmf-texlive/tex/latex/amsmath/amstext.sty
Package: amstext 2000/06/29 v2.01

(/usr/share/texmf-texlive/tex/latex/amsmath/amsgen.sty
File: amsgen.sty 1999/11/30 v2.0
\@emptytoks=\toks18
\ex@=\dimen114
))
(/usr/share/texmf-texlive/tex/latex/amsmath/amsbsy.sty
Package: amsbsy 1999/11/29 v1.2d
\pmbraise@=\dimen115
)
(/usr/share/texmf-texlive/tex/latex/amsmath/amsopn.sty
Package: amsopn 1999/12/14 v2.01 operator names
)
\inf@bad=\count104
LaTeX Info: Redefining \frac on input line 211.
\uproot@=\count105
\leftroot@=\count106
LaTeX Info: Redefining \overline on input line 307.
\classnum@=\count107
\DOTSCASE@=\count108
LaTeX Info: Redefining \ldots on input line 379.
LaTeX Info: Redefining \dots on input line 382.
LaTeX Info: Redefining \cdots on input line 467.
\Mathstrutbox@=\box28
\strutbox@=\box29
\big@size=\dimen116
LaTeX Font Info:    Redeclaring font encoding OML on input line 567.
LaTeX Font Info:    Redeclaring font encoding OMS on input line 568.
\macc@depth=\count109
\c@MaxMatrixCols=\count110
\dotsspace@=\muskip11
\c@parentequation=\count111
\dspbrk@lvl=\count112
\tag@help=\toks19
\row@=\count113
\column@=\count114
\maxfields@=\count115
\andhelp@=\toks20
\eqnshift@=\dimen117
\alignsep@=\dimen118
\tagshift@=\dimen119
\tagwidth@=\dimen120
\totwidth@=\dimen121
\lineht@=\dimen122
\@envbody=\toks21
\multlinegap=\skip44
\multlinetaggap=\skip45
\mathdisplay@stack=\toks22
LaTeX Info: Redefining \[ on input line 2666.
LaTeX Info: Redefining \] on input line 2667.
)
(/usr/share/texmf-texlive/tex/latex/amsfonts/amssymb.sty
Package: amssymb 2002/01/22 v2.2d

(/usr/share/texmf-texlive/tex/latex/amsfonts/amsfonts.sty
Package: amsfonts 2001/10/25 v2.2f
\symAMSa=\mathgroup4
\symAMSb=\mathgroup5
LaTeX Font Info:    Overwriting math alphabet `\mathfrak' in version `bold'
(Font)                  U/euf/m/n --> U/euf/b/n on input line 132.
))
(/usr/share/texmf-texlive/tex/latex/listings/lstlang1.sty
File: lstlang1.sty 2004/09/05 1.3 listings language file
)
(/usr/share/texmf-texlive/tex/latex/listings/lstmisc.sty
File: lstmisc.sty 2004/09/07 1.3 (Carsten Heinz)
) (./report.aux)
\openout1 = `report.aux'.

LaTeX Font Info:    Checking defaults for OML/cmm/m/it on input line 30.
LaTeX Font Info:    ... okay on input line 30.
LaTeX Font Info:    Checking defaults for T1/cmr/m/n on input line 30.
LaTeX Font Info:    ... okay on input line 30.
LaTeX Font Info:    Checking defaults for OT1/cmr/m/n on input line 30.
LaTeX Font Info:    ... okay on input line 30.
LaTeX Font Info:    Checking defaults for OMS/cmsy/m/n on input line 30.
LaTeX Font Info:    ... okay on input line 30.
LaTeX Font Info:    Checking defaults for OMX/cmex/m/n on input line 30.
LaTeX Font Info:    ... okay on input line 30.
LaTeX Font Info:    Checking defaults for U/cmr/m/n on input line 30.
LaTeX Font Info:    ... okay on input line 30.
LaTeX Font Info:    Checking defaults for PD1/pdf/m/n on input line 30.
LaTeX Font Info:    ... okay on input line 30.
Package hyperref Info: Link coloring OFF on input line 30.

(/usr/share/texmf-texlive/tex/latex/hyperref/nameref.sty
Package: nameref 2006/12/27 v2.28 Cross-referencing by name of section

(/usr/share/texmf-texlive/tex/latex/oberdiek/refcount.sty
Package: refcount 2006/02/20 v3.0 Data extraction from references (HO)
)
\c@section@level=\count116
)
LaTeX Info: Redefining \ref on input line 30.
LaTeX Info: Redefining \pageref on input line 30.
 (./report.out)
(./report.out)
\@outlinefile=\write3
\openout3 = `report.out'.

LaTeX Font Info:    Try loading font information for U+msa on input line 35.
 (/usr/share/texmf-texlive/tex/latex/amsfonts/umsa.fd
File: umsa.fd 2002/01/19 v2.2g AMS font definitions
)
LaTeX Font Info:    Try loading font information for U+msb on input line 35.

(/usr/share/texmf-texlive/tex/latex/amsfonts/umsb.fd
File: umsb.fd 2002/01/19 v2.2g AMS font definitions
)
LaTeX Font Info:    Try loading font information for OMS+cmtt on input line 35.

LaTeX Font Info:    No file OMScmtt.fd. on input line 35.


LaTeX Font Warning: Font shape `OMS/cmtt/m/n' undefined
(Font)              using `OMS/cmsy/m/n' instead
(Font)              for symbol `textbraceleft' on input line 35.


Underfull \hbox (badness 1616) in paragraph at lines 88--92
\OT1/cmr/m/n/10 not quite been matched by ris-ing disk speeds,
 []

[1{/var/lib/texmf/fonts/map/pdftex/updmap/pdftex.map}


]
Underfull \hbox (badness 1097) in paragraph at lines 110--119
[]\OT1/cmr/m/n/10 With con-cur-rent I/O by dif-fer-ent ap-pli-ca-tions
 []

[2] <filetype-mp3-graph.png, id=124, 385.44pt x 336.25626pt>
File: filetype-mp3-graph.png Graphic file (type png)

<use filetype-mp3-graph.png>
Overfull \hbox (2.45389pt too wide) in paragraph at lines 198--200
 [][] 
 []

<filetype-pdf-adobe-graph.png, id=125, 448.67625pt x 385.44pt>
File: filetype-pdf-adobe-graph.png Graphic file (type png)

<use filetype-pdf-adobe-graph.png>
Overfull \hbox (6.05171pt too wide) in paragraph at lines 205--207
 [][] 
 []

<filetype-bz2-graph.png, id=126, 385.44pt x 336.25626pt>
File: filetype-bz2-graph.png Graphic file (type png)

<use filetype-bz2-graph.png>
Overfull \hbox (2.45389pt too wide) in paragraph at lines 212--214
 [][] 
 []

<filetype-pdf-dv-graph.png, id=127, 385.44pt x 336.25626pt>
File: filetype-pdf-dv-graph.png Graphic file (type png)

<use filetype-pdf-dv-graph.png>
Overfull \hbox (2.45389pt too wide) in paragraph at lines 219--221
 [][] 
 []

<filetype-ppt-graph.png, id=128, 385.44pt x 336.25626pt>
File: filetype-ppt-graph.png Graphic file (type png)

<use filetype-ppt-graph.png>
Overfull \hbox (2.45389pt too wide) in paragraph at lines 226--228
 [][] 
 []

[3 <./filetype-mp3-graph.png (PNG copy)>] [4 <./filetype-pdf-adobe-graph.png (P
NG copy)> <./filetype-bz2-graph.png (PNG copy)> <./filetype-pdf-dv-graph.png (P
NG copy)> <./filetype-ppt-graph.png (PNG copy)>] [5]
<avi-read-rate.png, id=160, 513.92pt x 385.44pt>
File: avi-read-rate.png Graphic file (type png)
 <use avi-read-rate.png>
[6]
Underfull \hbox (badness 1242) in paragraph at lines 367--375
\OT1/cmr/m/n/10 an ini-tial prefetch win-dow size, and dou-ble on
 []

[7 <./avi-read-rate.png (PNG copy)>]
<window-size-pattern.png, id=173, 385.44pt x 336.25626pt>
File: window-size-pattern.png Graphic file (type png)

<use window-size-pattern.png>
Overfull \hbox (2.45389pt too wide) in paragraph at lines 399--401
 [][] 
 []

<file-read-rates.png, id=175, 385.44pt x 336.25626pt>
File: file-read-rates.png Graphic file (type png)

<use file-read-rates.png>
Overfull \hbox (2.45389pt too wide) in paragraph at lines 408--410
 [][] 
 []

[8 <./window-size-pattern.png (PNG copy)>]
<file-copy-nocp-rates.png, id=184, 385.44pt x 336.25626pt>
File: file-copy-nocp-rates.png Graphic file (type png)

<use file-copy-nocp-rates.png>
Overfull \hbox (2.45389pt too wide) in paragraph at lines 417--419
 [][] 
 []

<interleave-rates-nocp.png, id=187, 385.44pt x 336.25626pt>
File: interleave-rates-nocp.png Graphic file (type png)

<use interleave-rates-nocp.png>
Overfull \hbox (2.45389pt too wide) in paragraph at lines 426--428
 [][] 
 []

[9 <./file-read-rates.png (PNG copy)> <./file-copy-nocp-rates.png (PNG copy)> <
./interleave-rates-nocp.png (PNG copy)>]
<cmp-avg-latency.png, id=198, 385.44pt x 336.25626pt>
File: cmp-avg-latency.png Graphic file (type png)

<use cmp-avg-latency.png>
Overfull \hbox (2.45389pt too wide) in paragraph at lines 435--438
 [][] 
 []

<cmp-avg-latency-2.png, id=200, 385.44pt x 336.25626pt>
File: cmp-avg-latency-2.png Graphic file (type png)

<use cmp-avg-latency-2.png>
Overfull \hbox (2.45389pt too wide) in paragraph at lines 445--448
 [][] 
 []

[10 <./cmp-avg-latency.png (PNG copy)> <./cmp-avg-latency-2.png (PNG copy)>]
Underfull \hbox (badness 10000) in paragraph at lines 497--499
[]\OT1/cmr/m/n/10 Tulika Mi-tra, Chuan-Kai Yang, Tzi-cker
 []


Underfull \hbox (badness 6575) in paragraph at lines 497--499
\OT1/cmr/m/n/10 Chi-ueh . APPLICATION-SPECIFIC FILE
 []


Underfull \hbox (badness 7704) in paragraph at lines 500--503
[]\OT1/cmr/m/n/10 Phunchongharn, Phond Porn-napa, Su-part
 []

Missing character: There is no ï in font cmr10!
Missing character: There is no ¿ in font cmr10!
Missing character: There is no ½ in font cmr10!

Underfull \hbox (badness 4328) in paragraph at lines 508--511
[]\OT1/cmr/m/n/10 Behdad Es-fah-bod. Preload  An Adap-tive
 []

[11] [12

] (./report.aux)

LaTeX Font Warning: Some font shapes were not available, defaults substituted.

 ) 
Here is how much of TeX's memory you used:
 4839 strings out of 94101
 66682 string characters out of 1165810
 129462 words of memory out of 1500000
 7991 multiletter control sequences out of 10000+50000
 11743 words of font info for 44 fonts, out of 1200000 for 2000
 637 hyphenation exceptions out of 8191
 27i,9n,49p,904b,392s stack positions out of 5000i,500n,6000p,200000b,5000s
</usr/share/texmf-texlive/fonts/type1/bluesky/cm/cmbx12.pfb></usr/share/texmf
-texlive/fonts/type1/bluesky/cm/cmbx9.pfb></usr/share/texmf-texlive/fonts/type1
/bluesky/cm/cmr10.pfb></usr/share/texmf-texlive/fonts/type1/bluesky/cm/cmr12.pf
b></usr/share/texmf-texlive/fonts/type1/bluesky/cm/cmr9.pfb></usr/share/texmf-t
exlive/fonts/type1/bluesky/cm/cmssbx10.pfb></usr/share/texmf-texlive/fonts/type
1/bluesky/cm/cmsy10.pfb></usr/share/texmf-texlive/fonts/type1/bluesky/cm/cmti10
.pfb></usr/share/texmf-texlive/fonts/type1/bluesky/cm/cmtt10.pfb>
Output written on report.pdf (12 pages, 172065 bytes).
PDF statistics:
 263 PDF objects out of 1000 (max. 8388607)
 59 named destinations out of 1000 (max. 131072)
 229 words of extra memory for PDF output out of 10000 (max. 10000000)

