This is pdfTeX, Version 3.141592-1.40.3 (MiKTeX 2.6) (preloaded format=pdflatex 2008.9.3)  8 DEC 2008 09:38
entering extended mode
**report.tex
(report.tex
LaTeX2e <2005/12/01>
Babel <v3.8g> and hyphenation patterns for english, dumylang, nohyphenation, ge
rman, ngerman, french, loaded.
(D:\priyananda\programs\miktex\tex\latex\base\article.cls
Document Class: article 2005/09/16 v1.4f Standard LaTeX document class
(D:\priyananda\programs\miktex\tex\latex\base\size10.clo
File: size10.clo 2005/09/16 v1.4f Standard LaTeX file (size option)
)
\c@part=\count79
\c@section=\count80
\c@subsection=\count81
\c@subsubsection=\count82
\c@paragraph=\count83
\c@subparagraph=\count84
\c@figure=\count85
\c@table=\count86
\abovecaptionskip=\skip41
\belowcaptionskip=\skip42
\bibindent=\dimen102
)
(D:\priyananda\programs\miktex\tex\latex\ltxmisc\url.sty
\Urlmuskip=\muskip10
Package: url 2005/06/27  ver 3.2  Verb mode for urls, etc.
)
(D:\priyananda\programs\miktex\tex\latex\graphics\graphics.sty
Package: graphics 2006/02/20 v1.0o Standard LaTeX Graphics (DPC,SPQR)

(D:\priyananda\programs\miktex\tex\latex\graphics\trig.sty
Package: trig 1999/03/16 v1.09 sin cos tan (DPC)
)
(D:\priyananda\programs\miktex\tex\latex\00miktex\graphics.cfg
File: graphics.cfg 2005/12/29 v1.2 MiKTeX 'graphics' configuration
)
Package graphics Info: Driver file: pdftex.def on input line 90.

(D:\priyananda\programs\miktex\tex\latex\graphics\pdftex.def
File: pdftex.def 2007/04/17 v0.04g Graphics/color for pdfTeX
\Gread@gobject=\count87
))
(D:\priyananda\programs\miktex\tex\latex\hyperref\hyperref.sty
Package: hyperref 2007/06/14 v6.76i Hypertext links for LaTeX

(D:\priyananda\programs\miktex\tex\latex\graphics\keyval.sty
Package: keyval 1999/03/16 v1.13 key=value parser (DPC)
\KV@toks@=\toks14
)
(D:\priyananda\programs\miktex\tex\latex\oberdiek\hycolor.sty
Package: hycolor 2007/04/11 v1.1 Code for color options of hyperref/bookmark (H
O)
)
\@linkdim=\dimen103
\Hy@linkcounter=\count88
\Hy@pagecounter=\count89

(D:\priyananda\programs\miktex\tex\latex\hyperref\pd1enc.def
File: pd1enc.def 2007/06/14 v6.76i Hyperref: PDFDocEncoding definition (HO)
)
(D:\priyananda\programs\miktex\tex\generic\oberdiek\etexcmds.sty
Package: etexcmds 2007/05/06 v1.0 Providing prefix for e-TeX command names (HO)


(D:\priyananda\programs\miktex\tex\generic\oberdiek\infwarerr.sty
Package: infwarerr 2007/06/14 v1.1 Providing info/warning/message (HO)
))
(D:\priyananda\programs\miktex\tex\latex\00miktex\hyperref.cfg
File: hyperref.cfg 2006/02/14 v1.1 MiKTeX 'hyperref' configuration
)
(D:\priyananda\programs\miktex\tex\latex\oberdiek\kvoptions.sty
Package: kvoptions 2007/06/11 v2.7 Connects package keyval with LaTeX options (
HO)
)
Package hyperref Info: Hyper figures OFF on input line 2571.
Package hyperref Info: Link nesting OFF on input line 2576.
Package hyperref Info: Hyper index ON on input line 2579.
Package hyperref Info: Plain pages OFF on input line 2586.
Package hyperref Info: Backreferencing OFF on input line 2591.

Implicit mode ON; LaTeX internals redefined
Package hyperref Info: Bookmarks ON on input line 2741.
LaTeX Info: Redefining \url on input line 2909.
\Fld@menulength=\count90
\Field@Width=\dimen104
\Fld@charsize=\dimen105
\Choice@toks=\toks15
\Field@toks=\toks16
Package hyperref Info: Hyper figures OFF on input line 3393.
Package hyperref Info: Link nesting OFF on input line 3398.
Package hyperref Info: Hyper index ON on input line 3401.
Package hyperref Info: backreferencing OFF on input line 3408.
Package hyperref Info: Link coloring OFF on input line 3413.
\Hy@abspage=\count91
\c@Item=\count92
\c@Hfootnote=\count93
)
*hyperref using default driver hpdftex*
(D:\priyananda\programs\miktex\tex\latex\hyperref\hpdftex.def
File: hpdftex.def 2007/06/14 v6.76i Hyperref driver for pdfTeX
\Fld@listcount=\count94
)
(D:\priyananda\programs\miktex\tex\latex\graphics\epsfig.sty
Package: epsfig 1999/02/16 v1.7a (e)psfig emulation (SPQR)

(D:\priyananda\programs\miktex\tex\latex\graphics\graphicx.sty
Package: graphicx 1999/02/16 v1.0f Enhanced LaTeX Graphics (DPC,SPQR)
\Gin@req@height=\dimen106
\Gin@req@width=\dimen107
)
\epsfxsize=\dimen108
\epsfysize=\dimen109
)
(D:\priyananda\programs\miktex\tex\latex\listings\listings.sty
\lst@mode=\count95
\lst@gtempboxa=\box26
\lst@token=\toks17
\lst@length=\count96
\lst@currlwidth=\dimen110
\lst@column=\count97
\lst@pos=\count98
\lst@lostspace=\dimen111
\lst@width=\dimen112
\lst@newlines=\count99
\lst@lineno=\count100
\lst@maxwidth=\dimen113

(D:\priyananda\programs\miktex\tex\latex\listings\lstmisc.sty
File: lstmisc.sty 2007/02/22 1.4 (Carsten Heinz)
\c@lstnumber=\count101
\lst@skipnumbers=\count102
\lst@framebox=\box27
)
(D:\priyananda\programs\miktex\tex\latex\listings\listings.cfg
File: listings.cfg 2007/02/22 1.4 listings configuration
))
Package: listings 2007/02/22 1.4 (Carsten Heinz)

(D:\priyananda\programs\miktex\tex\latex\graphics\color.sty
Package: color 2005/11/14 v1.0j Standard LaTeX Color (DPC)

(D:\priyananda\programs\miktex\tex\latex\00miktex\color.cfg
File: color.cfg 2005/12/29 v1.1 MiKTeX 'color' configuration
)
Package color Info: Driver file: pdftex.def on input line 130.
)
(D:\priyananda\programs\miktex\tex\latex\setspace\setspace.sty
Package: setspace 2000/12/01 6.7 Contributed and Supported LaTeX2e package

Package: `setspace' 6.7 <2000/12/01>
) (D:\priyananda\programs\miktex\tex\latex\amsmath\amsmath.sty
Package: amsmath 2000/07/18 v2.13 AMS math features
\@mathmargin=\skip43

For additional information on amsmath, use the `?' option.
(D:\priyananda\programs\miktex\tex\latex\amsmath\amstext.sty
Package: amstext 2000/06/29 v2.01

(D:\priyananda\programs\miktex\tex\latex\amsmath\amsgen.sty
File: amsgen.sty 1999/11/30 v2.0
\@emptytoks=\toks18
\ex@=\dimen114
))
(D:\priyananda\programs\miktex\tex\latex\amsmath\amsbsy.sty
Package: amsbsy 1999/11/29 v1.2d
\pmbraise@=\dimen115
)
(D:\priyananda\programs\miktex\tex\latex\amsmath\amsopn.sty
Package: amsopn 1999/12/14 v2.01 operator names
)
\inf@bad=\count103
LaTeX Info: Redefining \frac on input line 211.
\uproot@=\count104
\leftroot@=\count105
LaTeX Info: Redefining \overline on input line 307.
\classnum@=\count106
\DOTSCASE@=\count107
LaTeX Info: Redefining \ldots on input line 379.
LaTeX Info: Redefining \dots on input line 382.
LaTeX Info: Redefining \cdots on input line 467.
\Mathstrutbox@=\box28
\strutbox@=\box29
\big@size=\dimen116
LaTeX Font Info:    Redeclaring font encoding OML on input line 567.
LaTeX Font Info:    Redeclaring font encoding OMS on input line 568.
\macc@depth=\count108
\c@MaxMatrixCols=\count109
\dotsspace@=\muskip11
\c@parentequation=\count110
\dspbrk@lvl=\count111
\tag@help=\toks19
\row@=\count112
\column@=\count113
\maxfields@=\count114
\andhelp@=\toks20
\eqnshift@=\dimen117
\alignsep@=\dimen118
\tagshift@=\dimen119
\tagwidth@=\dimen120
\totwidth@=\dimen121
\lineht@=\dimen122
\@envbody=\toks21
\multlinegap=\skip44
\multlinetaggap=\skip45
\mathdisplay@stack=\toks22
LaTeX Info: Redefining \[ on input line 2666.
LaTeX Info: Redefining \] on input line 2667.
)
(D:\priyananda\programs\miktex\tex\latex\amsfonts\amssymb.sty
Package: amssymb 2002/01/22 v2.2d

(D:\priyananda\programs\miktex\tex\latex\amsfonts\amsfonts.sty
Package: amsfonts 2001/10/25 v2.2f
\symAMSa=\mathgroup4
\symAMSb=\mathgroup5
LaTeX Font Info:    Overwriting math alphabet `\mathfrak' in version `bold'
(Font)                  U/euf/m/n --> U/euf/b/n on input line 132.
))
(D:\priyananda\programs\miktex\tex\latex\listings\lstlang1.sty
File: lstlang1.sty 2004/09/05 1.3 listings language file
)
(D:\priyananda\programs\miktex\tex\latex\listings\lstmisc.sty
File: lstmisc.sty 2007/02/22 1.4 (Carsten Heinz)
) (report.aux)
LaTeX Font Info:    Checking defaults for OML/cmm/m/it on input line 30.
LaTeX Font Info:    ... okay on input line 30.
LaTeX Font Info:    Checking defaults for T1/cmr/m/n on input line 30.
LaTeX Font Info:    ... okay on input line 30.
LaTeX Font Info:    Checking defaults for OT1/cmr/m/n on input line 30.
LaTeX Font Info:    ... okay on input line 30.
LaTeX Font Info:    Checking defaults for OMS/cmsy/m/n on input line 30.
LaTeX Font Info:    ... okay on input line 30.
LaTeX Font Info:    Checking defaults for OMX/cmex/m/n on input line 30.
LaTeX Font Info:    ... okay on input line 30.
LaTeX Font Info:    Checking defaults for U/cmr/m/n on input line 30.
LaTeX Font Info:    ... okay on input line 30.
LaTeX Font Info:    Checking defaults for PD1/pdf/m/n on input line 30.
LaTeX Font Info:    ... okay on input line 30.

(D:\priyananda\programs\miktex\tex\context\base\supp-pdf.tex
[Loading MPS to PDF converter (version 2006.09.02).]
\scratchcounter=\count115
\scratchdimen=\dimen123
\scratchbox=\box30
\nofMPsegments=\count116
\nofMParguments=\count117
\MPscratchCnt=\count118
\MPscratchDim=\dimen124
\MPnumerator=\count119
\everyMPtoPDFconversion=\toks23
)
Package hyperref Info: Link coloring OFF on input line 30.
 (D:\priyananda\programs\miktex\tex\latex\hyperref\nameref.sty
Package: nameref 2007/05/29 v2.31 Cross-referencing by name of section

(D:\priyananda\programs\miktex\tex\latex\oberdiek\refcount.sty
Package: refcount 2006/02/20 v3.0 Data extraction from references (HO)
)
\c@section@level=\count120
)
LaTeX Info: Redefining \ref on input line 30.
LaTeX Info: Redefining \pageref on input line 30.
 (report.out)
(report.out)
\@outlinefile=\write3
\c@lstlisting=\count121
LaTeX Font Info:    Try loading font information for U+msa on input line 35.
 (D:\priyananda\programs\miktex\tex\latex\amsfonts\umsa.fd
File: umsa.fd 2002/01/19 v2.2g AMS font definitions
)
LaTeX Font Info:    Try loading font information for U+msb on input line 35.

(D:\priyananda\programs\miktex\tex\latex\amsfonts\umsb.fd
File: umsb.fd 2002/01/19 v2.2g AMS font definitions
)
LaTeX Font Info:    Try loading font information for OMS+cmtt on input line 35.

LaTeX Font Info:    No file OMScmtt.fd. on input line 35.


LaTeX Font Warning: Font shape `OMS/cmtt/m/n' undefined
(Font)              using `OMS/cmsy/m/n' instead
(Font)              for symbol `textbraceleft' on input line 35.


Underfull \hbox (badness 1616) in paragraph at lines 81--85
\OT1/cmr/m/n/10 not quite been matched by ris-ing disk speeds,
 []

[1{psfonts.map}


]
Underfull \hbox (badness 1097) in paragraph at lines 103--112
[]\OT1/cmr/m/n/10 With con-cur-rent I/O by dif-fer-ent ap-pli-ca-tions
 []

[2] [3] [4]
Underfull \hbox (badness 1067) in paragraph at lines 276--279
\OT1/cmr/m/n/10 - mea-sure in-ter-val be-tween reads of con-sec-u-tive
 []

[5]
Underfull \hbox (badness 10000) in paragraph at lines 335--337
[]\OT1/cmr/m/n/10 Tulika Mi-tra, Chuan-Kai Yang, Tzi-cker
 []


Underfull \hbox (badness 6575) in paragraph at lines 335--337
\OT1/cmr/m/n/10 Chi-ueh . APPLICATION-SPECIFIC FILE
 []

Missing character: There is no ï in font cmr10!
Missing character: There is no ¿ in font cmr10!
Missing character: There is no ½ in font cmr10!

Underfull \hbox (badness 4328) in paragraph at lines 346--349
[]\OT1/cmr/m/n/10 Behdad Es-fah-bod. Preload  An Adap-tive
 []


Underfull \hbox (badness 7704) in paragraph at lines 358--361
[]\OT1/cmr/m/n/10 Phunchongharn, Phond Porn-napa, Su-part
 []

[6] (report.aux)

LaTeX Font Warning: Some font shapes were not available, defaults substituted.

 ) 
Here is how much of TeX's memory you used:
 5440 strings out of 95305
 71573 string characters out of 1185100
 156913 words of memory out of 1156005
 8386 multiletter control sequences out of 60000
 11435 words of font info for 43 fonts, out of 1000000 for 2000
 14 hyphenation exceptions out of 8191
 27i,9n,49p,368b,391s stack positions out of 5000i,500n,10000p,200000b,32768s
<D:/priyananda/programs/miktex/fonts/type1/bluesky/cm/cmbx12.pfb><D:/priyanan
da/programs/miktex/fonts/type1/bluesky/cm/cmr10.pfb><D:/priyananda/programs/mik
tex/fonts/type1/bluesky/cm/cmr12.pfb><D:/priyananda/programs/miktex/fonts/type1
/bluesky/cm/cmr9.pfb><D:/priyananda/programs/miktex/fonts/type1/bluesky/cm/cmss
bx10.pfb><D:/priyananda/programs/miktex/fonts/type1/bluesky/cm/cmsy10.pfb><D:/p
riyananda/programs/miktex/fonts/type1/bluesky/cm/cmti10.pfb><D:/priyananda/prog
rams/miktex/fonts/type1/bluesky/cm/cmtt10.pfb>
Output written on report.pdf (6 pages, 99105 bytes).
PDF statistics:
 181 PDF objects out of 300000 (max. 8388607)
 41 named destinations out of 300000 (max. 131072)
 169 words of extra memory for PDF output out of 65536 (max. 10000000)

