This is pdfTeX, Version 3.141592-1.40.3 (MiKTeX 2.6) (preloaded format=pdflatex 2008.9.3)  8 OCT 2008 22:10
entering extended mode
**hw2-sol.tex
(hw2-sol.tex
LaTeX2e <2005/12/01>
Babel <v3.8g> and hyphenation patterns for english, dumylang, nohyphenation, ge
rman, ngerman, french, loaded.
(D:\priyananda\programs\miktex\tex\latex\base\article.cls
Document Class: article 2005/09/16 v1.4f Standard LaTeX document class
(D:\priyananda\programs\miktex\tex\latex\base\size11.clo
File: size11.clo 2005/09/16 v1.4f Standard LaTeX file (size option)
)
\c@part=\count79
\c@section=\count80
\c@subsection=\count81
\c@subsubsection=\count82
\c@paragraph=\count83
\c@subparagraph=\count84
\c@figure=\count85
\c@table=\count86
\abovecaptionskip=\skip41
\belowcaptionskip=\skip42
\bibindent=\dimen102
)
(D:\priyananda\programs\miktex\tex\latex\graphics\graphicx.sty
Package: graphicx 1999/02/16 v1.0f Enhanced LaTeX Graphics (DPC,SPQR)

(D:\priyananda\programs\miktex\tex\latex\graphics\keyval.sty
Package: keyval 1999/03/16 v1.13 key=value parser (DPC)
\KV@toks@=\toks14
)
(D:\priyananda\programs\miktex\tex\latex\graphics\graphics.sty
Package: graphics 2006/02/20 v1.0o Standard LaTeX Graphics (DPC,SPQR)

(D:\priyananda\programs\miktex\tex\latex\graphics\trig.sty
Package: trig 1999/03/16 v1.09 sin cos tan (DPC)
)
(D:\priyananda\programs\miktex\tex\latex\00miktex\graphics.cfg
File: graphics.cfg 2005/12/29 v1.2 MiKTeX 'graphics' configuration
)
Package graphics Info: Driver file: pdftex.def on input line 90.

(D:\priyananda\programs\miktex\tex\latex\graphics\pdftex.def
File: pdftex.def 2007/04/17 v0.04g Graphics/color for pdfTeX
\Gread@gobject=\count87
))
\Gin@req@height=\dimen103
\Gin@req@width=\dimen104
)
(D:\priyananda\programs\miktex\tex\latex\amscls\amsthm.sty
Package: amsthm 2004/08/06 v2.20
\thm@style=\toks15
\thm@bodyfont=\toks16
\thm@headfont=\toks17
\thm@notefont=\toks18
\thm@headpunct=\toks19
\thm@preskip=\skip43
\thm@postskip=\skip44
\thm@headsep=\skip45
\dth@everypar=\toks20
)
(D:\priyananda\programs\miktex\tex\latex\base\latexsym.sty
Package: latexsym 1998/08/17 v2.2e Standard LaTeX package (lasy symbols)
\symlasy=\mathgroup4
LaTeX Font Info:    Overwriting symbol font `lasy' in version `bold'
(Font)                  U/lasy/m/n --> U/lasy/b/n on input line 47.
)
(D:\priyananda\programs\miktex\tex\latex\amsfonts\amssymb.sty
Package: amssymb 2002/01/22 v2.2d

(D:\priyananda\programs\miktex\tex\latex\amsfonts\amsfonts.sty
Package: amsfonts 2001/10/25 v2.2f
\@emptytoks=\toks21
\symAMSa=\mathgroup5
\symAMSb=\mathgroup6
LaTeX Font Info:    Overwriting math alphabet `\mathfrak' in version `bold'
(Font)                  U/euf/m/n --> U/euf/b/n on input line 132.
))
(D:\priyananda\programs\miktex\tex\latex\amsmath\amsmath.sty
Package: amsmath 2000/07/18 v2.13 AMS math features
\@mathmargin=\skip46

For additional information on amsmath, use the `?' option.
(D:\priyananda\programs\miktex\tex\latex\amsmath\amstext.sty
Package: amstext 2000/06/29 v2.01

(D:\priyananda\programs\miktex\tex\latex\amsmath\amsgen.sty
File: amsgen.sty 1999/11/30 v2.0
\@emptytoks=\toks22
\ex@=\dimen105
))
(D:\priyananda\programs\miktex\tex\latex\amsmath\amsbsy.sty
Package: amsbsy 1999/11/29 v1.2d
\pmbraise@=\dimen106
)
(D:\priyananda\programs\miktex\tex\latex\amsmath\amsopn.sty
Package: amsopn 1999/12/14 v2.01 operator names
)
\inf@bad=\count88
LaTeX Info: Redefining \frac on input line 211.
\uproot@=\count89
\leftroot@=\count90
LaTeX Info: Redefining \overline on input line 307.
\classnum@=\count91
\DOTSCASE@=\count92
LaTeX Info: Redefining \ldots on input line 379.
LaTeX Info: Redefining \dots on input line 382.
LaTeX Info: Redefining \cdots on input line 467.
\Mathstrutbox@=\box26
\strutbox@=\box27
\big@size=\dimen107
LaTeX Font Info:    Redeclaring font encoding OML on input line 567.
LaTeX Font Info:    Redeclaring font encoding OMS on input line 568.
\macc@depth=\count93
\c@MaxMatrixCols=\count94
\dotsspace@=\muskip10
\c@parentequation=\count95
\dspbrk@lvl=\count96
\tag@help=\toks23
\row@=\count97
\column@=\count98
\maxfields@=\count99
\andhelp@=\toks24
\eqnshift@=\dimen108
\alignsep@=\dimen109
\tagshift@=\dimen110
\tagwidth@=\dimen111
\totwidth@=\dimen112
\lineht@=\dimen113
\@envbody=\toks25
\multlinegap=\skip47
\multlinetaggap=\skip48
\mathdisplay@stack=\toks26
LaTeX Info: Redefining \[ on input line 2666.
LaTeX Info: Redefining \] on input line 2667.
)
(D:\priyananda\programs\miktex\tex\latex\listings\listings.sty
\lst@mode=\count100
\lst@gtempboxa=\box28
\lst@token=\toks27
\lst@length=\count101
\lst@currlwidth=\dimen114
\lst@column=\count102
\lst@pos=\count103
\lst@lostspace=\dimen115
\lst@width=\dimen116
\lst@newlines=\count104
\lst@lineno=\count105
\lst@maxwidth=\dimen117

(D:\priyananda\programs\miktex\tex\latex\listings\lstmisc.sty
File: lstmisc.sty 2007/02/22 1.4 (Carsten Heinz)
\c@lstnumber=\count106
\lst@skipnumbers=\count107
\lst@framebox=\box29
)
(D:\priyananda\programs\miktex\tex\latex\listings\listings.cfg
File: listings.cfg 2007/02/22 1.4 listings configuration
))
Package: listings 2007/02/22 1.4 (Carsten Heinz)

(D:\priyananda\programs\miktex\tex\latex\graphics\color.sty
Package: color 2005/11/14 v1.0j Standard LaTeX Color (DPC)

(D:\priyananda\programs\miktex\tex\latex\00miktex\color.cfg
File: color.cfg 2005/12/29 v1.1 MiKTeX 'color' configuration
)
Package color Info: Driver file: pdftex.def on input line 130.
)
(D:\priyananda\programs\miktex\tex\latex\listings\lstlang1.sty
File: lstlang1.sty 2004/09/05 1.3 listings language file
) (hw2-sol.aux)
LaTeX Font Info:    Checking defaults for OML/cmm/m/it on input line 26.
LaTeX Font Info:    ... okay on input line 26.
LaTeX Font Info:    Checking defaults for T1/cmr/m/n on input line 26.
LaTeX Font Info:    ... okay on input line 26.
LaTeX Font Info:    Checking defaults for OT1/cmr/m/n on input line 26.
LaTeX Font Info:    ... okay on input line 26.
LaTeX Font Info:    Checking defaults for OMS/cmsy/m/n on input line 26.
LaTeX Font Info:    ... okay on input line 26.
LaTeX Font Info:    Checking defaults for OMX/cmex/m/n on input line 26.
LaTeX Font Info:    ... okay on input line 26.
LaTeX Font Info:    Checking defaults for U/cmr/m/n on input line 26.
LaTeX Font Info:    ... okay on input line 26.

(D:\priyananda\programs\miktex\tex\context\base\supp-pdf.tex
[Loading MPS to PDF converter (version 2006.09.02).]
\scratchcounter=\count108
\scratchdimen=\dimen118
\scratchbox=\box30
\nofMPsegments=\count109
\nofMParguments=\count110
\MPscratchCnt=\count111
\MPscratchDim=\dimen119
\MPnumerator=\count112
\everyMPtoPDFconversion=\toks28
)
\c@lstlisting=\count113
LaTeX Font Info:    Try loading font information for U+lasy on input line 27.
 (D:\priyananda\programs\miktex\tex\latex\base\ulasy.fd
File: ulasy.fd 1998/08/17 v2.2e LaTeX symbol font definitions
)
LaTeX Font Info:    Try loading font information for U+msa on input line 27.

(D:\priyananda\programs\miktex\tex\latex\amsfonts\umsa.fd
File: umsa.fd 2002/01/19 v2.2g AMS font definitions
)
LaTeX Font Info:    Try loading font information for U+msb on input line 27.

(D:\priyananda\programs\miktex\tex\latex\amsfonts\umsb.fd
File: umsb.fd 2002/01/19 v2.2g AMS font definitions
) [1

{psfonts.map}]
<q1-dfs.jpg, id=8, 370.38374pt x 370.38374pt>
File: q1-dfs.jpg Graphic file (type jpg)
 <use q1-dfs.jpg> [2 <q1-dfs.jpg>] <q1-ucs.jpg, id=12, 370.38374pt x 370.38374p
t>
File: q1-ucs.jpg Graphic file (type jpg)
 <use q1-ucs.jpg> [3 <q1-ucs.jpg>] <q1-gbfs.jpg, id=16, 370.38374pt x 370.38374
pt>
File: q1-gbfs.jpg Graphic file (type jpg)
 <use q1-gbfs.jpg> [4 <q1-gbfs.jpg>] <q1-astar.jpg, id=20, 370.38374pt x 370.38
374pt>
File: q1-astar.jpg Graphic file (type jpg)
 <use q1-astar.jpg>
[5 <q1-astar.jpg>] [6] <q3a.jpg, id=32, 440.64626pt x 279.0425pt>
File: q3a.jpg Graphic file (type jpg)

<use q3a.jpg> <q3b.jpg, id=33, 438.63875pt x 281.05pt>
File: q3b.jpg Graphic file (type jpg)
 <use q3b.jpg> [7 <q3a.jpg> <q3b.jpg>] (D:\priyananda\data\courses\540\hw\hw2\h
w2\AlphaBetaPlayer.java
[8]) [9] [10]
Overfull \hbox (7.2085pt too wide) in paragraph at lines 181--182
[][][][][][][][][][][][][][][][][][][][][][][][][][][][][][][][][][][][][][][] 

 []


Overfull \hbox (7.2085pt too wide) in paragraph at lines 190--191
[][][][][][][][][][][][][][][][][][][][][][][][][][][][][][][][][][][][][][][] 

 []


Overfull \hbox (7.2085pt too wide) in paragraph at lines 196--197
[][][][][][][][][][][][][][][][][][][][][][][][][][][][][][][][][][][][][][][] 

 []


Overfull \hbox (3.3834pt too wide) in paragraph at lines 205--206
[][][][][][][][][][][][][][][][][][][][][][][][][][][][][][][][][][][][][][] 
 []

[11] (hw2-sol.aux) ) 
Here is how much of TeX's memory you used:
 3384 strings out of 95305
 41932 string characters out of 1185100
 154375 words of memory out of 1121211
 6435 multiletter control sequences out of 60000
 11247 words of font info for 46 fonts, out of 1000000 for 2000
 14 hyphenation exceptions out of 8191
 27i,16n,40p,224b,1532s stack positions out of 5000i,500n,10000p,200000b,32768s
<D:/priyananda/programs/miktex/fonts/type1/bluesky/cm/cmex1
0.pfb><D:/priyananda/programs/miktex/fonts/type1/bluesky/cm/cmmi10.pfb><D:/priy
ananda/programs/miktex/fonts/type1/bluesky/cm/cmmi8.pfb><D:/priyananda/programs
/miktex/fonts/type1/bluesky/cm/cmr10.pfb><D:/priyananda/programs/miktex/fonts/t
ype1/bluesky/cm/cmr12.pfb><D:/priyananda/programs/miktex/fonts/type1/bluesky/cm
/cmr17.pfb><D:/priyananda/programs/miktex/fonts/type1/bluesky/cm/cmr8.pfb><D:/p
riyananda/programs/miktex/fonts/type1/bluesky/cm/cmsy10.pfb><D:/priyananda/prog
rams/miktex/fonts/type1/bluesky/cm/cmsy8.pfb><D:/priyananda/programs/miktex/fon
ts/type1/bluesky/cm/cmti10.pfb><D:/priyananda/programs/miktex/fonts/type1/blues
ky/cm/cmtt8.pfb>
Output written on hw2-sol.pdf (11 pages, 240151 bytes).
PDF statistics:
 88 PDF objects out of 300000 (max. 8388607)
 0 named destinations out of 300000 (max. 131072)
 31 words of extra memory for PDF output out of 65536 (max. 10000000)

