This is pdfTeX, Version 3.141592-1.40.3 (MiKTeX 2.6) (preloaded format=pdflatex 2008.9.3)  21 NOV 2008 14:19
entering extended mode
**hw3-sol.tex
(hw3-sol.tex
LaTeX2e <2005/12/01>
Babel <v3.8g> and hyphenation patterns for english, dumylang, nohyphenation, ge
rman, ngerman, french, loaded.
(D:\priyananda\programs\miktex\tex\latex\base\article.cls
Document Class: article 2005/09/16 v1.4f Standard LaTeX document class
(D:\priyananda\programs\miktex\tex\latex\base\size11.clo
File: size11.clo 2005/09/16 v1.4f Standard LaTeX file (size option)
)
\c@part=\count79
\c@section=\count80
\c@subsection=\count81
\c@subsubsection=\count82
\c@paragraph=\count83
\c@subparagraph=\count84
\c@figure=\count85
\c@table=\count86
\abovecaptionskip=\skip41
\belowcaptionskip=\skip42
\bibindent=\dimen102
)
(D:\priyananda\programs\miktex\tex\latex\graphics\graphicx.sty
Package: graphicx 1999/02/16 v1.0f Enhanced LaTeX Graphics (DPC,SPQR)

(D:\priyananda\programs\miktex\tex\latex\graphics\keyval.sty
Package: keyval 1999/03/16 v1.13 key=value parser (DPC)
\KV@toks@=\toks14
)
(D:\priyananda\programs\miktex\tex\latex\graphics\graphics.sty
Package: graphics 2006/02/20 v1.0o Standard LaTeX Graphics (DPC,SPQR)

(D:\priyananda\programs\miktex\tex\latex\graphics\trig.sty
Package: trig 1999/03/16 v1.09 sin cos tan (DPC)
)
(D:\priyananda\programs\miktex\tex\latex\00miktex\graphics.cfg
File: graphics.cfg 2005/12/29 v1.2 MiKTeX 'graphics' configuration
)
Package graphics Info: Driver file: pdftex.def on input line 90.

(D:\priyananda\programs\miktex\tex\latex\graphics\pdftex.def
File: pdftex.def 2007/04/17 v0.04g Graphics/color for pdfTeX
\Gread@gobject=\count87
))
\Gin@req@height=\dimen103
\Gin@req@width=\dimen104
)
(D:\priyananda\programs\miktex\tex\latex\amscls\amsthm.sty
Package: amsthm 2004/08/06 v2.20
\thm@style=\toks15
\thm@bodyfont=\toks16
\thm@headfont=\toks17
\thm@notefont=\toks18
\thm@headpunct=\toks19
\thm@preskip=\skip43
\thm@postskip=\skip44
\thm@headsep=\skip45
\dth@everypar=\toks20
)
(D:\priyananda\programs\miktex\tex\latex\base\latexsym.sty
Package: latexsym 1998/08/17 v2.2e Standard LaTeX package (lasy symbols)
\symlasy=\mathgroup4
LaTeX Font Info:    Overwriting symbol font `lasy' in version `bold'
(Font)                  U/lasy/m/n --> U/lasy/b/n on input line 47.
)
(D:\priyananda\programs\miktex\tex\latex\amsfonts\amssymb.sty
Package: amssymb 2002/01/22 v2.2d

(D:\priyananda\programs\miktex\tex\latex\amsfonts\amsfonts.sty
Package: amsfonts 2001/10/25 v2.2f
\@emptytoks=\toks21
\symAMSa=\mathgroup5
\symAMSb=\mathgroup6
LaTeX Font Info:    Overwriting math alphabet `\mathfrak' in version `bold'
(Font)                  U/euf/m/n --> U/euf/b/n on input line 132.
))
(D:\priyananda\programs\miktex\tex\latex\amsmath\amsmath.sty
Package: amsmath 2000/07/18 v2.13 AMS math features
\@mathmargin=\skip46

For additional information on amsmath, use the `?' option.
(D:\priyananda\programs\miktex\tex\latex\amsmath\amstext.sty
Package: amstext 2000/06/29 v2.01

(D:\priyananda\programs\miktex\tex\latex\amsmath\amsgen.sty
File: amsgen.sty 1999/11/30 v2.0
\@emptytoks=\toks22
\ex@=\dimen105
))
(D:\priyananda\programs\miktex\tex\latex\amsmath\amsbsy.sty
Package: amsbsy 1999/11/29 v1.2d
\pmbraise@=\dimen106
)
(D:\priyananda\programs\miktex\tex\latex\amsmath\amsopn.sty
Package: amsopn 1999/12/14 v2.01 operator names
)
\inf@bad=\count88
LaTeX Info: Redefining \frac on input line 211.
\uproot@=\count89
\leftroot@=\count90
LaTeX Info: Redefining \overline on input line 307.
\classnum@=\count91
\DOTSCASE@=\count92
LaTeX Info: Redefining \ldots on input line 379.
LaTeX Info: Redefining \dots on input line 382.
LaTeX Info: Redefining \cdots on input line 467.
\Mathstrutbox@=\box26
\strutbox@=\box27
\big@size=\dimen107
LaTeX Font Info:    Redeclaring font encoding OML on input line 567.
LaTeX Font Info:    Redeclaring font encoding OMS on input line 568.
\macc@depth=\count93
\c@MaxMatrixCols=\count94
\dotsspace@=\muskip10
\c@parentequation=\count95
\dspbrk@lvl=\count96
\tag@help=\toks23
\row@=\count97
\column@=\count98
\maxfields@=\count99
\andhelp@=\toks24
\eqnshift@=\dimen108
\alignsep@=\dimen109
\tagshift@=\dimen110
\tagwidth@=\dimen111
\totwidth@=\dimen112
\lineht@=\dimen113
\@envbody=\toks25
\multlinegap=\skip47
\multlinetaggap=\skip48
\mathdisplay@stack=\toks26
LaTeX Info: Redefining \[ on input line 2666.
LaTeX Info: Redefining \] on input line 2667.
)
(D:\priyananda\programs\miktex\tex\latex\listings\listings.sty
\lst@mode=\count100
\lst@gtempboxa=\box28
\lst@token=\toks27
\lst@length=\count101
\lst@currlwidth=\dimen114
\lst@column=\count102
\lst@pos=\count103
\lst@lostspace=\dimen115
\lst@width=\dimen116
\lst@newlines=\count104
\lst@lineno=\count105
\lst@maxwidth=\dimen117

(D:\priyananda\programs\miktex\tex\latex\listings\lstmisc.sty
File: lstmisc.sty 2007/02/22 1.4 (Carsten Heinz)
\c@lstnumber=\count106
\lst@skipnumbers=\count107
\lst@framebox=\box29
)
(D:\priyananda\programs\miktex\tex\latex\listings\listings.cfg
File: listings.cfg 2007/02/22 1.4 listings configuration
))
Package: listings 2007/02/22 1.4 (Carsten Heinz)

(D:\priyananda\programs\miktex\tex\latex\graphics\color.sty
Package: color 2005/11/14 v1.0j Standard LaTeX Color (DPC)

(D:\priyananda\programs\miktex\tex\latex\00miktex\color.cfg
File: color.cfg 2005/12/29 v1.1 MiKTeX 'color' configuration
)
Package color Info: Driver file: pdftex.def on input line 130.
)
(D:\priyananda\programs\miktex\tex\latex\listings\lstlang1.sty
File: lstlang1.sty 2004/09/05 1.3 listings language file
)
(D:\priyananda\programs\miktex\tex\latex\colortbl\colortbl.sty
Package: colortbl 2001/02/13 v0.1j Color table columns (DPC)

(D:\priyananda\programs\miktex\tex\latex\tools\array.sty
Package: array 2005/08/23 v2.4b Tabular extension package (FMi)
\col@sep=\dimen118
\extrarowheight=\dimen119
\NC@list=\toks28
\extratabsurround=\skip49
\backup@length=\skip50
)
\everycr=\toks29
\minrowclearance=\skip51
)
\c@theorem=\count108
 (hw3-sol.aux)
LaTeX Font Info:    Checking defaults for OML/cmm/m/it on input line 69.
LaTeX Font Info:    ... okay on input line 69.
LaTeX Font Info:    Checking defaults for T1/cmr/m/n on input line 69.
LaTeX Font Info:    ... okay on input line 69.
LaTeX Font Info:    Checking defaults for OT1/cmr/m/n on input line 69.
LaTeX Font Info:    ... okay on input line 69.
LaTeX Font Info:    Checking defaults for OMS/cmsy/m/n on input line 69.
LaTeX Font Info:    ... okay on input line 69.
LaTeX Font Info:    Checking defaults for OMX/cmex/m/n on input line 69.
LaTeX Font Info:    ... okay on input line 69.
LaTeX Font Info:    Checking defaults for U/cmr/m/n on input line 69.
LaTeX Font Info:    ... okay on input line 69.

(D:\priyananda\programs\miktex\tex\context\base\supp-pdf.tex
[Loading MPS to PDF converter (version 2006.09.02).]
\scratchcounter=\count109
\scratchdimen=\dimen120
\scratchbox=\box30
\nofMPsegments=\count110
\nofMParguments=\count111
\MPscratchCnt=\count112
\MPscratchDim=\dimen121
\MPnumerator=\count113
\everyMPtoPDFconversion=\toks30
)
\c@lstlisting=\count114
LaTeX Font Info:    Try loading font information for U+lasy on input line 70.
 (D:\priyananda\programs\miktex\tex\latex\base\ulasy.fd
File: ulasy.fd 1998/08/17 v2.2e LaTeX symbol font definitions
)
LaTeX Font Info:    Try loading font information for U+msa on input line 70.

(D:\priyananda\programs\miktex\tex\latex\amsfonts\umsa.fd
File: umsa.fd 2002/01/19 v2.2g AMS font definitions
)
LaTeX Font Info:    Try loading font information for U+msb on input line 70.

(D:\priyananda\programs\miktex\tex\latex\amsfonts\umsb.fd
File: umsb.fd 2002/01/19 v2.2g AMS font definitions
) [1

{psfonts.map}]
Underfull \hbox (badness 10000) in paragraph at lines 78--79

 []

LaTeX Font Info:    Try loading font information for OMS+cmr on input line 105.

(D:\priyananda\programs\miktex\tex\latex\base\omscmr.fd
File: omscmr.fd 1999/05/25 v2.5h Standard LaTeX font definitions
)
LaTeX Font Info:    Font shape `OMS/cmr/m/n' in size <10.95> not available
(Font)              Font shape `OMS/cmsy/m/n' tried instead on input line 105.

Underfull \hbox (badness 10000) in paragraph at lines 110--117

 []


Underfull \hbox (badness 10000) in paragraph at lines 118--123

 []

[2]
Overfull \hbox (7.87924pt too wide) in paragraph at lines 137--137
[] 
 []


Underfull \hbox (badness 10000) in paragraph at lines 148--162

 []

[3] <4b.jpg, id=18, 351.3125pt x 351.3125pt>
File: 4b.jpg Graphic file (type jpg)
 <use 4b.jpg>
Overfull \hbox (77.33095pt too wide) in paragraph at lines 204--204
[] 
 []

[4 <4b.jpg>]
Overfull \hbox (46.2243pt too wide) detected at line 210
\OMS/cmsy/m/n/10.95 8\OML/cmm/m/it/10.95 x; y; l   \OT1/cmr/m/n/10.95 (\OML/cmm
/m/it/10.95 German\OT1/cmr/m/n/10.95 (\OML/cmm/m/it/10.95 x\OT1/cmr/m/n/10.95 )
 \OMS/cmsy/m/n/10.95 ^ \OML/cmm/m/it/10.95 German\OT1/cmr/m/n/10.95 (\OML/cmm/m
/it/10.95 y\OT1/cmr/m/n/10.95 ) \OMS/cmsy/m/n/10.95 ^ \OML/cmm/m/it/10.95 Langu
age\OT1/cmr/m/n/10.95 (\OML/cmm/m/it/10.95 l\OT1/cmr/m/n/10.95 ) \OMS/cmsy/m/n/
10.95 ^ \OML/cmm/m/it/10.95 Speaks\OT1/cmr/m/n/10.95 (\OML/cmm/m/it/10.95 x; l\
OT1/cmr/m/n/10.95 )) \OMS/cmsy/m/n/10.95 ) \OML/cmm/m/it/10.95 Speaks\OT1/cmr/m
/n/10.95 (\OML/cmm/m/it/10.95 y; l\OT1/cmr/m/n/10.95 ))
 []


Overfull \hbox (0.98508pt too wide) in paragraph at lines 221--221
[]|\OT1/cmr/m/n/10.95 X| 
 []


Overfull \hbox (0.98508pt too wide) in paragraph at lines 221--221
[]|\OT1/cmr/m/n/10.95 X| 
 []


Overfull \hbox (0.98508pt too wide) in paragraph at lines 221--221
[]|\OT1/cmr/m/n/10.95 X| 
 []


Overfull \hbox (1.28926pt too wide) in paragraph at lines 221--221
[]|\OT1/cmr/m/n/10.95 Q| 
 []


Overfull \hbox (0.98508pt too wide) in paragraph at lines 221--221
[]|\OT1/cmr/m/n/10.95 X| 
 []


Overfull \hbox (0.98508pt too wide) in paragraph at lines 221--221
[]|\OT1/cmr/m/n/10.95 X| 
 []


Overfull \hbox (0.98508pt too wide) in paragraph at lines 221--221
[]|\OT1/cmr/m/n/10.95 X| 
 []


Overfull \hbox (0.98508pt too wide) in paragraph at lines 221--221
[]|\OT1/cmr/m/n/10.95 X| 
 []


Overfull \hbox (0.98508pt too wide) in paragraph at lines 221--221
[]|\OT1/cmr/m/n/10.95 X| 
 []


Overfull \hbox (0.98508pt too wide) in paragraph at lines 221--221
[]|\OT1/cmr/m/n/10.95 X| 
 []


Overfull \hbox (0.98508pt too wide) in paragraph at lines 221--221
[]|\OT1/cmr/m/n/10.95 X| 
 []

[5]
Overfull \hbox (0.98508pt too wide) in paragraph at lines 235--235
[]|\OT1/cmr/m/n/10.95 X| 
 []


Overfull \hbox (0.98508pt too wide) in paragraph at lines 235--235
[]|\OT1/cmr/m/n/10.95 X| 
 []


Overfull \hbox (0.98508pt too wide) in paragraph at lines 235--235
[]|\OT1/cmr/m/n/10.95 X| 
 []


Overfull \hbox (0.98508pt too wide) in paragraph at lines 235--235
[]|\OT1/cmr/m/n/10.95 X| 
 []


Overfull \hbox (0.98508pt too wide) in paragraph at lines 235--235
[]|\OT1/cmr/m/n/10.95 X| 
 []


Overfull \hbox (1.28926pt too wide) in paragraph at lines 235--235
[]|\OT1/cmr/m/n/10.95 Q| 
 []


Overfull \hbox (0.98508pt too wide) in paragraph at lines 235--235
[]|\OT1/cmr/m/n/10.95 X| 
 []


Overfull \hbox (0.98508pt too wide) in paragraph at lines 235--235
[]|\OT1/cmr/m/n/10.95 X| 
 []


Overfull \hbox (1.28926pt too wide) in paragraph at lines 235--235
[]|\OT1/cmr/m/n/10.95 Q| 
 []


Overfull \hbox (0.98508pt too wide) in paragraph at lines 235--235
[]|\OT1/cmr/m/n/10.95 X| 
 []


Overfull \hbox (0.98508pt too wide) in paragraph at lines 235--235
[]|\OT1/cmr/m/n/10.95 X| 
 []


Overfull \hbox (0.98508pt too wide) in paragraph at lines 235--235
[]|\OT1/cmr/m/n/10.95 X| 
 []


Overfull \hbox (1.28926pt too wide) in paragraph at lines 235--235
[]|\OT1/cmr/m/n/10.95 Q| 
 []


Overfull \hbox (0.98508pt too wide) in paragraph at lines 235--235
[]|\OT1/cmr/m/n/10.95 X| 
 []


Overfull \hbox (0.98508pt too wide) in paragraph at lines 235--235
[]|\OT1/cmr/m/n/10.95 X| 
 []


Overfull \hbox (0.98508pt too wide) in paragraph at lines 235--235
[]|\OT1/cmr/m/n/10.95 X| 
 []


Overfull \hbox (0.98508pt too wide) in paragraph at lines 235--235
[]|\OT1/cmr/m/n/10.95 X| 
 []


Overfull \hbox (0.98508pt too wide) in paragraph at lines 235--235
[]|\OT1/cmr/m/n/10.95 X| 
 []


Overfull \hbox (0.98508pt too wide) in paragraph at lines 235--235
[]|\OT1/cmr/m/n/10.95 X| 
 []


Overfull \hbox (0.98508pt too wide) in paragraph at lines 235--235
[]|\OT1/cmr/m/n/10.95 X| 
 []


Overfull \hbox (1.28926pt too wide) in paragraph at lines 235--235
[]|\OT1/cmr/m/n/10.95 Q| 
 []


Overfull \hbox (0.98508pt too wide) in paragraph at lines 235--235
[]|\OT1/cmr/m/n/10.95 X| 
 []


Overfull \hbox (0.98508pt too wide) in paragraph at lines 235--235
[]|\OT1/cmr/m/n/10.95 X| 
 []


Overfull \hbox (1.28926pt too wide) in paragraph at lines 235--235
[]|\OT1/cmr/m/n/10.95 Q| 
 []


Overfull \hbox (0.98508pt too wide) in paragraph at lines 235--235
[]|\OT1/cmr/m/n/10.95 X| 
 []


Overfull \hbox (0.98508pt too wide) in paragraph at lines 235--235
[]|\OT1/cmr/m/n/10.95 X| 
 []


Overfull \hbox (0.98508pt too wide) in paragraph at lines 235--235
[]|\OT1/cmr/m/n/10.95 X| 
 []


Overfull \hbox (0.98508pt too wide) in paragraph at lines 235--235
[]|\OT1/cmr/m/n/10.95 X| 
 []


Overfull \hbox (10.16345pt too wide) in paragraph at lines 235--235
 [] 
 []


Overfull \hbox (3.40672pt too wide) in paragraph at lines 239--239
[]|\OT1/cmr/m/n/10.95 1,2,3,5,6| 
 []


Overfull \hbox (3.40672pt too wide) in paragraph at lines 239--239
[]|\OT1/cmr/m/n/10.95 1,2,3,5,6| 
 []


Overfull \hbox (39.61102pt too wide) in paragraph at lines 239--239
 [] 
 []


Overfull \hbox (39.61102pt too wide) in paragraph at lines 241--241
 [] 
 []


Overfull \hbox (39.61102pt too wide) in paragraph at lines 243--243
 [] 
 []


Overfull \hbox (39.61102pt too wide) in paragraph at lines 245--245
 [] 
 []


Overfull \hbox (39.61102pt too wide) in paragraph at lines 247--247
 [] 
 []


Overfull \hbox (19.09303pt too wide) in paragraph at lines 228--249
[]$[]$   [] 
 []

[6]
Overfull \hbox (1.28926pt too wide) in paragraph at lines 266--266
[]|\OT1/cmr/m/n/10.95 Q| 
 []


Overfull \hbox (0.98508pt too wide) in paragraph at lines 266--266
[]|\OT1/cmr/m/n/10.95 X| 
 []


Overfull \hbox (0.98508pt too wide) in paragraph at lines 266--266
[]|\OT1/cmr/m/n/10.95 X| 
 []


Overfull \hbox (0.98508pt too wide) in paragraph at lines 266--266
[]|\OT1/cmr/m/n/10.95 X| 
 []


Overfull \hbox (0.98508pt too wide) in paragraph at lines 266--266
[]|\OT1/cmr/m/n/10.95 X| 
 []


Overfull \hbox (0.98508pt too wide) in paragraph at lines 266--266
[]|\OT1/cmr/m/n/10.95 X| 
 []


Overfull \hbox (1.28926pt too wide) in paragraph at lines 266--266
[]|\OT1/cmr/m/n/10.95 Q| 
 []


Overfull \hbox (0.98508pt too wide) in paragraph at lines 266--266
[]|\OT1/cmr/m/n/10.95 X| 
 []


Overfull \hbox (0.98508pt too wide) in paragraph at lines 266--266
[]|\OT1/cmr/m/n/10.95 X| 
 []


Overfull \hbox (0.98508pt too wide) in paragraph at lines 266--266
[]|\OT1/cmr/m/n/10.95 X| 
 []


Overfull \hbox (0.98508pt too wide) in paragraph at lines 266--266
[]|\OT1/cmr/m/n/10.95 X| 
 []


Overfull \hbox (0.98508pt too wide) in paragraph at lines 266--266
[]|\OT1/cmr/m/n/10.95 X| 
 []


Overfull \hbox (1.28926pt too wide) in paragraph at lines 266--266
[]|\OT1/cmr/m/n/10.95 Q| 
 []


Overfull \hbox (1.28926pt too wide) in paragraph at lines 266--266
[]|\OT1/cmr/m/n/10.95 Q| 
 []


Overfull \hbox (0.98508pt too wide) in paragraph at lines 266--266
[]|\OT1/cmr/m/n/10.95 X| 
 []


Overfull \hbox (0.98508pt too wide) in paragraph at lines 266--266
[]|\OT1/cmr/m/n/10.95 X| 
 []


Overfull \hbox (0.98508pt too wide) in paragraph at lines 266--266
[]|\OT1/cmr/m/n/10.95 X| 
 []


Overfull \hbox (0.98508pt too wide) in paragraph at lines 266--266
[]|\OT1/cmr/m/n/10.95 X| 
 []


Overfull \hbox (0.98508pt too wide) in paragraph at lines 266--266
[]|\OT1/cmr/m/n/10.95 X| 
 []


Overfull \hbox (0.98508pt too wide) in paragraph at lines 266--266
[]|\OT1/cmr/m/n/10.95 X| 
 []


Overfull \hbox (1.28926pt too wide) in paragraph at lines 266--266
[]|\OT1/cmr/m/n/10.95 Q| 
 []


Overfull \hbox (0.98508pt too wide) in paragraph at lines 266--266
[]|\OT1/cmr/m/n/10.95 X| 
 []


Overfull \hbox (0.98508pt too wide) in paragraph at lines 266--266
[]|\OT1/cmr/m/n/10.95 X| 
 []


Overfull \hbox (0.98508pt too wide) in paragraph at lines 266--266
[]|\OT1/cmr/m/n/10.95 X| 
 []


Overfull \hbox (0.98508pt too wide) in paragraph at lines 266--266
[]|\OT1/cmr/m/n/10.95 X| 
 []


Overfull \hbox (0.98508pt too wide) in paragraph at lines 266--266
[]|\OT1/cmr/m/n/10.95 X| 
 []


Overfull \hbox (1.28926pt too wide) in paragraph at lines 266--266
[]|\OT1/cmr/m/n/10.95 Q| 
 []


Overfull \hbox (0.98508pt too wide) in paragraph at lines 266--266
[]|\OT1/cmr/m/n/10.95 X| 
 []


Overfull \hbox (10.16345pt too wide) in paragraph at lines 266--266
 [] 
 []


Overfull \hbox (3.40672pt too wide) in paragraph at lines 270--270
[]|\OT1/cmr/m/n/10.95 1,2,3,5,6| 
 []


Overfull \hbox (3.40672pt too wide) in paragraph at lines 270--270
[]|\OT1/cmr/m/n/10.95 1,2,3,5,6| 
 []


Overfull \hbox (39.61102pt too wide) in paragraph at lines 270--270
 [] 
 []


Overfull \hbox (39.61102pt too wide) in paragraph at lines 272--272
 [] 
 []


Overfull \hbox (39.61102pt too wide) in paragraph at lines 274--274
 [] 
 []


Overfull \hbox (39.61102pt too wide) in paragraph at lines 276--276
 [] 
 []


Overfull \hbox (39.61102pt too wide) in paragraph at lines 278--278
 [] 
 []


Overfull \hbox (19.09303pt too wide) in paragraph at lines 259--280
[]$[]$   [] 
 []

[7]
Overfull \hbox (0.98508pt too wide) in paragraph at lines 292--292
[]|\OT1/cmr/m/n/10.95 X| 
 []


Overfull \hbox (0.98508pt too wide) in paragraph at lines 292--292
[]|\OT1/cmr/m/n/10.95 X| 
 []


Overfull \hbox (0.98508pt too wide) in paragraph at lines 292--292
[]|\OT1/cmr/m/n/10.95 X| 
 []


Overfull \hbox (0.98508pt too wide) in paragraph at lines 292--292
[]|\OT1/cmr/m/n/10.95 X| 
 []


Overfull \hbox (0.98508pt too wide) in paragraph at lines 292--292
[]|\OT1/cmr/m/n/10.95 X| 
 []


Overfull \hbox (0.98508pt too wide) in paragraph at lines 292--292
[]|\OT1/cmr/m/n/10.95 X| 
 []


Overfull \hbox (1.28926pt too wide) in paragraph at lines 292--292
[]|\OT1/cmr/m/n/10.95 Q| 
 []


Overfull \hbox (0.98508pt too wide) in paragraph at lines 292--292
[]|\OT1/cmr/m/n/10.95 X| 
 []


Overfull \hbox (0.98508pt too wide) in paragraph at lines 292--292
[]|\OT1/cmr/m/n/10.95 X| 
 []


Overfull \hbox (0.98508pt too wide) in paragraph at lines 292--292
[]|\OT1/cmr/m/n/10.95 X| 
 []


Overfull \hbox (1.28926pt too wide) in paragraph at lines 292--292
[]|\OT1/cmr/m/n/10.95 Q| 
 []


Overfull \hbox (0.98508pt too wide) in paragraph at lines 292--292
[]|\OT1/cmr/m/n/10.95 X| 
 []


Overfull \hbox (0.98508pt too wide) in paragraph at lines 292--292
[]|\OT1/cmr/m/n/10.95 X| 
 []


Overfull \hbox (0.98508pt too wide) in paragraph at lines 292--292
[]|\OT1/cmr/m/n/10.95 X| 
 []


Overfull \hbox (0.98508pt too wide) in paragraph at lines 292--292
[]|\OT1/cmr/m/n/10.95 X| 
 []


Overfull \hbox (0.98508pt too wide) in paragraph at lines 292--292
[]|\OT1/cmr/m/n/10.95 X| 
 []


Overfull \hbox (0.98508pt too wide) in paragraph at lines 292--292
[]|\OT1/cmr/m/n/10.95 X| 
 []


Overfull \hbox (0.98508pt too wide) in paragraph at lines 292--292
[]|\OT1/cmr/m/n/10.95 X| 
 []


Overfull \hbox (1.28926pt too wide) in paragraph at lines 292--292
[]|\OT1/cmr/m/n/10.95 Q| 
 []


Overfull \hbox (0.98508pt too wide) in paragraph at lines 292--292
[]|\OT1/cmr/m/n/10.95 X| 
 []


Overfull \hbox (0.98508pt too wide) in paragraph at lines 292--292
[]|\OT1/cmr/m/n/10.95 X| 
 []


Overfull \hbox (1.28926pt too wide) in paragraph at lines 292--292
[]|\OT1/cmr/m/n/10.95 Q| 
 []


Overfull \hbox (0.98508pt too wide) in paragraph at lines 292--292
[]|\OT1/cmr/m/n/10.95 X| 
 []


Overfull \hbox (0.98508pt too wide) in paragraph at lines 292--292
[]|\OT1/cmr/m/n/10.95 X| 
 []


Overfull \hbox (0.98508pt too wide) in paragraph at lines 292--292
[]|\OT1/cmr/m/n/10.95 X| 
 []


Overfull \hbox (0.98508pt too wide) in paragraph at lines 292--292
[]|\OT1/cmr/m/n/10.95 X| 
 []

[8] (hw3-sol.aux) ) 
Here is how much of TeX's memory you used:
 3348 strings out of 95305
 41270 string characters out of 1185100
 126727 words of memory out of 1121211
 6401 multiletter control sequences out of 60000
 11624 words of font info for 48 fonts, out of 1000000 for 2000
 14 hyphenation exceptions out of 8191
 34i,14n,40p,224b,313s stack positions out of 5000i,500n,10000p,200000b,32768s
<D:/priyananda/programs/miktex/fonts/type1/bluesky/cm/cmbx10
.pfb><D:/priyananda/programs/miktex/fonts/type1/bluesky/cm/cmmi10.pfb><D:/priya
nanda/programs/miktex/fonts/type1/bluesky/cm/cmr10.pfb><D:/priyananda/programs/
miktex/fonts/type1/bluesky/cm/cmr12.pfb><D:/priyananda/programs/miktex/fonts/ty
pe1/bluesky/cm/cmr17.pfb><D:/priyananda/programs/miktex/fonts/type1/bluesky/cm/
cmr8.pfb><D:/priyananda/programs/miktex/fonts/type1/bluesky/cm/cmsy10.pfb><D:/p
riyananda/programs/miktex/fonts/type1/bluesky/cm/cmsy8.pfb><D:/priyananda/progr
ams/miktex/fonts/type1/bluesky/ams/msam10.pfb>
Output written on hw3-sol.pdf (8 pages, 86387 bytes).
PDF statistics:
 66 PDF objects out of 300000 (max. 8388607)
 0 named destinations out of 300000 (max. 131072)
 6 words of extra memory for PDF output out of 65536 (max. 10000000)

