This is pdfeTeX, Version 3.141592-1.21a-2.2 (Web2C 7.5.4) (format=pdflatex 2008.12.1)  1 DEC 2008 11:38
entering extended mode
**calf-abstract.tex
(./calf-abstract.tex
LaTeX2e <2003/12/01>
Babel <v3.8d> and hyphenation patterns for american, french, german, ngerman, b
ahasa, basque, bulgarian, catalan, croatian, czech, danish, dutch, esperanto, e
stonian, finnish, greek, icelandic, irish, italian, latin, magyar, norsk, polis
h, portuges, romanian, russian, serbian, slovak, slovene, spanish, swedish, tur
kish, ukrainian, nohyphenation, loaded.

(/afs/cs.wisc.edu/s/tetex-3.0/i386_tao10/share/texmf/tex/latex/base/article.cls
Document Class: article 2004/02/16 v1.4f Standard LaTeX document class
(/afs/cs.wisc.edu/s/tetex-3.0/i386_tao10/share/texmf/tex/latex/base/size10.clo
File: size10.clo 2004/02/16 v1.4f Standard LaTeX file (size option)
)
\c@part=\count79
\c@section=\count80
\c@subsection=\count81
\c@subsubsection=\count82
\c@paragraph=\count83
\c@subparagraph=\count84
\c@figure=\count85
\c@table=\count86
\abovecaptionskip=\skip41
\belowcaptionskip=\skip42
\bibindent=\dimen102
) (./calf-abstract.aux)
\openout1 = `calf-abstract.aux'.

LaTeX Font Info:    Checking defaults for OML/cmm/m/it on input line 17.
LaTeX Font Info:    ... okay on input line 17.
LaTeX Font Info:    Checking defaults for T1/cmr/m/n on input line 17.
LaTeX Font Info:    ... okay on input line 17.
LaTeX Font Info:    Checking defaults for OT1/cmr/m/n on input line 17.
LaTeX Font Info:    ... okay on input line 17.
LaTeX Font Info:    Checking defaults for OMS/cmsy/m/n on input line 17.
LaTeX Font Info:    ... okay on input line 17.
LaTeX Font Info:    Checking defaults for OMX/cmex/m/n on input line 17.
LaTeX Font Info:    ... okay on input line 17.
LaTeX Font Info:    Checking defaults for U/cmr/m/n on input line 17.
LaTeX Font Info:    ... okay on input line 17.
LaTeX Font Info:    Try loading font information for OMS+cmr on input line 25.

(/afs/cs.wisc.edu/s/tetex-3.0/i386_tao10/share/texmf/tex/latex/base/omscmr.fd
File: omscmr.fd 1999/05/25 v2.5h Standard LaTeX font definitions
)
LaTeX Font Info:    Font shape `OMS/cmr/m/n' in size <10> not available
(Font)              Font shape `OMS/cmsy/m/n' tried instead on input line 25.

[1

{/afs/cs.wisc.edu/s/tetex-3.0/i386_tao10/share/texmf/fonts/map/pdftex/pdftex.ma
p}] (./calf-abstract.aux) ) 
Here is how much of TeX's memory you used:
 225 strings out of 94500
 2703 string characters out of 1171061
 49348 words of memory out of 1000000
 3473 multiletter control sequences out of 10000+50000
 4553 words of font info for 17 fonts, out of 500000 for 2000
 580 hyphenation exceptions out of 1000
 23i,4n,19p,138b,98s stack positions out of 1500i,500n,5000p,200000b,5000s
PDF statistics:
 16 PDF objects out of 300000
 0 named destinations out of 131072
 1 words of extra memory for PDF output out of 65536
{/afs/cs.wisc.edu/s/tetex-3.0/i386_tao10/share/texmf
/fonts/enc/dvips/tetex/f7b6d320.enc}</afs/cs.wisc.edu/s/tetex-3.0/i386_tao10/sh
are/texmf/fonts/type1/bluesky/cm/cmr10.pfb>{/afs/cs.wisc.edu/s/tetex-3.0/i386_t
ao10/share/texmf/fonts/enc/dvips/tetex/bbad153f.enc}</afs/cs.wisc.edu/s/tetex-3
.0/i386_tao10/share/texmf/fonts/type1/bluesky/cm/cmsy10.pfb></afs/cs.wisc.edu/s
/tetex-3.0/i386_tao10/share/texmf/fonts/type1/bluesky/cm/cmbx12.pfb></afs/cs.wi
sc.edu/s/tetex-3.0/i386_tao10/share/texmf/fonts/type1/bluesky/cm/cmbx10.pfb>
Output written on calf-abstract.pdf (1 page, 30857 bytes).
